#
# There is insufficient memory for the Java Runtime Environment to continue.
# Native memory allocation (malloc) failed to allocate 32744 bytes for ChunkPool::allocate
# Possible reasons:
#   The system is out of physical RAM or swap space
#   The process is running with CompressedOops enabled, and the Java Heap may be blocking the growth of the native heap
# Possible solutions:
#   Reduce memory load on the system
#   Increase physical memory or swap space
#   Check if swap backing store is full
#   Decrease Java heap size (-Xmx/-Xms)
#   Decrease number of Java threads
#   Decrease Java thread stack sizes (-Xss)
#   Set larger code cache with -XX:ReservedCodeCacheSize=
#   JVM is running with Unscaled Compressed Oops mode in which the Java heap is
#     placed in the first 4GB address space. The Java Heap base address is the
#     maximum limit for the native heap growth. Please use -XX:HeapBaseMinAddress
#     to set the Java Heap base and to place the Java Heap above 4GB virtual address.
# This output file may be truncated or incomplete.
#
#  Out of Memory Error (arena.cpp:78), pid=33568, tid=27792
#
# JRE version: OpenJDK Runtime Environment Corretto-17.0.8.8.1 (17.0.8.1+8) (build 17.0.8.1+8-LTS)
# Java VM: OpenJDK 64-Bit Server VM Corretto-17.0.8.8.1 (17.0.8.1+8-LTS, mixed mode, sharing, tiered, compressed oops, compressed class ptrs, g1 gc, windows-amd64)
# No core dump will be written. Minidumps are not enabled by default on client versions of Windows
#

---------------  S U M M A R Y ------------

Command Line: --add-opens=java.base/java.util=ALL-UNNAMED --add-opens=java.base/java.lang=ALL-UNNAMED --add-opens=java.base/java.lang.invoke=ALL-UNNAMED --add-opens=java.prefs/java.util.prefs=ALL-UNNAMED --add-opens=java.base/java.nio.charset=ALL-UNNAMED --add-opens=java.base/java.net=ALL-UNNAMED --add-opens=java.base/java.util.concurrent.atomic=ALL-UNNAMED -XX:MaxMetaspaceSize=384m -XX:+HeapDumpOnOutOfMemoryError -Xms256m -Xmx512m -Dfile.encoding=windows-1252 -Duser.country=CA -Duser.language=en -Duser.variant -javaagent:C:\Users\15483\.gradle\wrapper\dists\gradle-8.2.1-bin\5hap6b9n41hkg4jeh2au2pllh\gradle-8.2.1\lib\agents\gradle-instrumentation-agent-8.2.1.jar org.gradle.launcher.daemon.bootstrap.GradleDaemon 8.2.1

Host: Intel(R) Core(TM) i5-1035G1 CPU @ 1.00GHz, 8 cores, 7G,  Windows 11 , 64 bit Build 22621 (10.0.22621.2506)
Time: Sat Dec  9 12:19:43 2023 Eastern Standard Time elapsed time: 882.062549 seconds (0d 0h 14m 42s)

---------------  T H R E A D  ---------------

Current thread (0x0000021d2ea61ab0):  JavaThread "C2 CompilerThread0" daemon [_thread_in_native, id=27792, stack(0x000000c3d1a00000,0x000000c3d1b00000)]


Current CompileTask:
C2: 882063 13889       4       org.jetbrains.org.objectweb.asm.ClassReader::readModuleAttributes (551 bytes)

Stack: [0x000000c3d1a00000,0x000000c3d1b00000]
Native frames: (J=compiled Java code, j=interpreted, Vv=VM code, C=native code)
V  [jvm.dll+0x64c9da]
V  [jvm.dll+0x800834]
V  [jvm.dll+0x801fee]
V  [jvm.dll+0x802643]
V  [jvm.dll+0x23715b]
V  [jvm.dll+0xbd7c8]
V  [jvm.dll+0xbdb8c]
V  [jvm.dll+0x7c6dc2]
V  [jvm.dll+0x7c83fa]
V  [jvm.dll+0x7c6beb]
V  [jvm.dll+0x335805]
V  [jvm.dll+0x29d7df]
V  [jvm.dll+0x6642b3]
V  [jvm.dll+0x65c63f]
V  [jvm.dll+0x65bcbe]
V  [jvm.dll+0x659c76]
V  [jvm.dll+0x19d74c]
V  [jvm.dll+0x19e308]
V  [jvm.dll+0x29d838]
V  [jvm.dll+0x6642b3]
V  [jvm.dll+0x65c63f]
V  [jvm.dll+0x65bcbe]
V  [jvm.dll+0x659c76]
V  [jvm.dll+0x19d74c]
V  [jvm.dll+0x20a1ec]
V  [jvm.dll+0x19a74d]
V  [jvm.dll+0x219b5d]
V  [jvm.dll+0x217cbb]
V  [jvm.dll+0x7b94bb]
V  [jvm.dll+0x7b392a]
V  [jvm.dll+0x64b845]
C  [ucrtbase.dll+0x29363]
C  [KERNEL32.DLL+0x1257d]
C  [ntdll.dll+0x5aa58]


---------------  P R O C E S S  ---------------

Threads class SMR info:
_java_thread_list=0x0000021d4b8c6dc0, length=51, elements={
0x0000021d13f01a10, 0x0000021d2ea45190, 0x0000021d2ea45d50, 0x0000021d2ea59d90,
0x0000021d2ea5a860, 0x0000021d2ea5e340, 0x0000021d2ea5ed00, 0x0000021d2ea61ab0,
0x0000021d2ea64570, 0x0000021d2ea65710, 0x0000021d2ea31210, 0x0000021d2edbaf80,
0x0000021d48b79790, 0x0000021d49211b00, 0x0000021d495e23b0, 0x0000021d493e7040,
0x0000021d493f43a0, 0x0000021d493f52d0, 0x0000021d493f3980, 0x0000021d493f5cf0,
0x0000021d493f6200, 0x0000021d493f2a50, 0x0000021d493f3470, 0x0000021d493ad940,
0x0000021d493b0be0, 0x0000021d493b1b10, 0x0000021d493ab5d0, 0x0000021d493ad430,
0x0000021d493b2020, 0x0000021d493abae0, 0x0000021d493acf20, 0x0000021d493ab0c0,
0x0000021d493ac500, 0x0000021d49a4fc50, 0x0000021d49a4f740, 0x0000021d49a53910,
0x0000021d49a52ef0, 0x0000021d49a51fc0, 0x0000021d49a4e810, 0x0000021d49a4c4a0,
0x0000021d49a4c9b0, 0x0000021d49a4cec0, 0x0000021d49a4e300, 0x0000021d49a4ed20,
0x0000021d49a4d3d0, 0x0000021d49a4d8e0, 0x0000021d49a4f230, 0x0000021d49a50160,
0x0000021d49a50670, 0x0000021d49a50b80, 0x0000021d49a51090
}

Java Threads: ( => current thread )
  0x0000021d13f01a10 JavaThread "main" [_thread_blocked, id=34640, stack(0x000000c3d0d00000,0x000000c3d0e00000)]
  0x0000021d2ea45190 JavaThread "Reference Handler" daemon [_thread_blocked, id=2508, stack(0x000000c3d1400000,0x000000c3d1500000)]
  0x0000021d2ea45d50 JavaThread "Finalizer" daemon [_thread_blocked, id=10248, stack(0x000000c3d1500000,0x000000c3d1600000)]
  0x0000021d2ea59d90 JavaThread "Signal Dispatcher" daemon [_thread_blocked, id=12528, stack(0x000000c3d1600000,0x000000c3d1700000)]
  0x0000021d2ea5a860 JavaThread "Attach Listener" daemon [_thread_blocked, id=28880, stack(0x000000c3d1700000,0x000000c3d1800000)]
  0x0000021d2ea5e340 JavaThread "Service Thread" daemon [_thread_blocked, id=34412, stack(0x000000c3d1800000,0x000000c3d1900000)]
  0x0000021d2ea5ed00 JavaThread "Monitor Deflation Thread" daemon [_thread_blocked, id=21740, stack(0x000000c3d1900000,0x000000c3d1a00000)]
=>0x0000021d2ea61ab0 JavaThread "C2 CompilerThread0" daemon [_thread_in_native, id=27792, stack(0x000000c3d1a00000,0x000000c3d1b00000)]
  0x0000021d2ea64570 JavaThread "C1 CompilerThread0" daemon [_thread_in_native, id=26464, stack(0x000000c3d1b00000,0x000000c3d1c00000)]
  0x0000021d2ea65710 JavaThread "Sweeper thread" daemon [_thread_blocked, id=31352, stack(0x000000c3d1c00000,0x000000c3d1d00000)]
  0x0000021d2ea31210 JavaThread "Common-Cleaner" daemon [_thread_blocked, id=32616, stack(0x000000c3d1d00000,0x000000c3d1e00000)]
  0x0000021d2edbaf80 JavaThread "Notification Thread" daemon [_thread_blocked, id=31860, stack(0x000000c3d1e00000,0x000000c3d1f00000)]
  0x0000021d48b79790 JavaThread "Daemon health stats" [_thread_blocked, id=33356, stack(0x000000c3d2500000,0x000000c3d2600000)]
  0x0000021d49211b00 JavaThread "Incoming local TCP Connector on port 50542" [_thread_in_native, id=21936, stack(0x000000c3d2600000,0x000000c3d2700000)]
  0x0000021d495e23b0 JavaThread "Daemon periodic checks" [_thread_blocked, id=34516, stack(0x000000c3d2700000,0x000000c3d2800000)]
  0x0000021d493e7040 JavaThread "Daemon" [_thread_blocked, id=32504, stack(0x000000c3d2800000,0x000000c3d2900000)]
  0x0000021d493f43a0 JavaThread "Daemon worker" [_thread_in_native, id=30976, stack(0x000000c3d2b00000,0x000000c3d2c00000)]
  0x0000021d493f52d0 JavaThread "Cache worker for journal cache (C:\Users\15483\.gradle\caches\journal-1)" [_thread_blocked, id=33520, stack(0x000000c3d2f00000,0x000000c3d3000000)]
  0x0000021d493f3980 JavaThread "File lock request listener" [_thread_in_native, id=19212, stack(0x000000c3d3000000,0x000000c3d3100000)]
  0x0000021d493f5cf0 JavaThread "Cache worker for file hash cache (C:\Users\15483\.gradle\caches\8.2.1\fileHashes)" [_thread_blocked, id=29828, stack(0x000000c3d3100000,0x000000c3d3200000)]
  0x0000021d493f6200 JavaThread "File watcher server" daemon [_thread_in_native, id=23036, stack(0x000000c3d0a00000,0x000000c3d0b00000)]
  0x0000021d493f2a50 JavaThread "File watcher consumer" daemon [_thread_blocked, id=26040, stack(0x000000c3d3200000,0x000000c3d3300000)]
  0x0000021d493f3470 JavaThread "jar transforms" [_thread_blocked, id=34376, stack(0x000000c3d3300000,0x000000c3d3400000)]
  0x0000021d493ad940 JavaThread "jar transforms Thread 2" [_thread_blocked, id=30464, stack(0x000000c3d3400000,0x000000c3d3500000)]
  0x0000021d493b0be0 JavaThread "jar transforms Thread 3" [_thread_blocked, id=33512, stack(0x000000c3d3500000,0x000000c3d3600000)]
  0x0000021d493b1b10 JavaThread "jar transforms Thread 4" [_thread_blocked, id=31772, stack(0x000000c3d3600000,0x000000c3d3700000)]
  0x0000021d493ab5d0 JavaThread "jar transforms Thread 5" [_thread_blocked, id=22124, stack(0x000000c3d3700000,0x000000c3d3800000)]
  0x0000021d493ad430 JavaThread "jar transforms Thread 6" [_thread_blocked, id=34708, stack(0x000000c3d3800000,0x000000c3d3900000)]
  0x0000021d493b2020 JavaThread "jar transforms Thread 7" [_thread_blocked, id=32988, stack(0x000000c3d3900000,0x000000c3d3a00000)]
  0x0000021d493abae0 JavaThread "jar transforms Thread 8" [_thread_blocked, id=32868, stack(0x000000c3d3a00000,0x000000c3d3b00000)]
  0x0000021d493acf20 JavaThread "Cache worker for file content cache (C:\Users\15483\.gradle\caches\8.2.1\fileContent)" [_thread_blocked, id=33640, stack(0x000000c3d4000000,0x000000c3d4100000)]
  0x0000021d493ab0c0 JavaThread "Cache worker for execution history cache (C:\Users\15483\.gradle\caches\8.2.1\executionHistory)" [_thread_blocked, id=3300, stack(0x000000c3d4300000,0x000000c3d4400000)]
  0x0000021d493ac500 JavaThread "Cache worker for kotlin-dsl (C:\Users\15483\.gradle\caches\8.2.1\kotlin-dsl)" [_thread_blocked, id=35556, stack(0x000000c3d0b00000,0x000000c3d0c00000)]
  0x0000021d49a4fc50 JavaThread "Memory manager" [_thread_blocked, id=28548, stack(0x000000c3d5000000,0x000000c3d5100000)]
  0x0000021d49a4f740 JavaThread "Handler for socket connection from /127.0.0.1:50542 to /127.0.0.1:50723" [_thread_in_native, id=32636, stack(0x000000c3d0c00000,0x000000c3d0d00000)]
  0x0000021d49a53910 JavaThread "Cancel handler" [_thread_blocked, id=37632, stack(0x000000c3d2900000,0x000000c3d2a00000)]
  0x0000021d49a52ef0 JavaThread "Asynchronous log dispatcher for DefaultDaemonConnection: socket connection from /127.0.0.1:50542 to /127.0.0.1:50723" [_thread_blocked, id=33580, stack(0x000000c3d2a00000,0x000000c3d2b00000)]
  0x0000021d49a51fc0 JavaThread "Daemon client event forwarder" [_thread_blocked, id=34876, stack(0x000000c3d2d00000,0x000000c3d2e00000)]
  0x0000021d49a4e810 JavaThread "Cache worker for checksums cache (C:\Users\15483\OneDrive - George Brown College\Desktop\microservices-parent-last\microservices-parent\microservices-parent\.gradle\8.2.1\checksums)" [_thread_blocked, id=13900, stack(0x000000c3d2e00000,0x000000c3d2f00000)]
  0x0000021d49a4c4a0 JavaThread "Cache worker for cache directory md-rule (C:\Users\15483\.gradle\caches\8.2.1\md-rule)" [_thread_blocked, id=39860, stack(0x000000c3d2c00000,0x000000c3d2d00000)]
  0x0000021d49a4c9b0 JavaThread "Cache worker for file hash cache (C:\Users\15483\OneDrive - George Brown College\Desktop\microservices-parent-last\microservices-parent\microservices-parent\.gradle\8.2.1\fileHashes)" [_thread_blocked, id=39864, stack(0x000000c3d3e00000,0x000000c3d3f00000)]
  0x0000021d49a4cec0 JavaThread "Cache worker for cache directory md-supplier (C:\Users\15483\.gradle\caches\8.2.1\md-supplier)" [_thread_blocked, id=39904, stack(0x000000c3d3f00000,0x000000c3d4000000)]
  0x0000021d49a4e300 JavaThread "Cache worker for dependencies-accessors (C:\Users\15483\OneDrive - George Brown College\Desktop\microservices-parent-last\microservices-parent\microservices-parent\.gradle\8.2.1\dependencies-accessors)" [_thread_blocked, id=23296, stack(0x000000c3d4100000,0x000000c3d4200000)]
  0x0000021d49a4ed20 JavaThread "Cache worker for Build Output Cleanup Cache (C:\Users\15483\OneDrive - George Brown College\Desktop\microservices-parent-last\microservices-parent\microservices-parent\.gradle\buildOutputCleanup)" [_thread_blocked, id=28628, stack(0x000000c3d4200000,0x000000c3d4300000)]
  0x0000021d49a4d3d0 JavaThread "Unconstrained build operations" [_thread_blocked, id=36456, stack(0x000000c3d4400000,0x000000c3d4500000)]
  0x0000021d49a4d8e0 JavaThread "Unconstrained build operations Thread 2" [_thread_blocked, id=35352, stack(0x000000c3d4500000,0x000000c3d4600000)]
  0x0000021d49a4f230 JavaThread "Unconstrained build operations Thread 3" [_thread_blocked, id=34820, stack(0x000000c3d4800000,0x000000c3d4900000)]
  0x0000021d49a50160 JavaThread "Unconstrained build operations Thread 4" [_thread_blocked, id=37776, stack(0x000000c3d4900000,0x000000c3d4a00000)]
  0x0000021d49a50670 JavaThread "Unconstrained build operations Thread 5" [_thread_blocked, id=34072, stack(0x000000c3d4a00000,0x000000c3d4b00000)]
  0x0000021d49a50b80 JavaThread "Unconstrained build operations Thread 6" [_thread_blocked, id=36016, stack(0x000000c3d4b00000,0x000000c3d4c00000)]
  0x0000021d49a51090 JavaThread "Unconstrained build operations Thread 7" [_thread_blocked, id=36440, stack(0x000000c3d4c00000,0x000000c3d4d00000)]

Other Threads:
  0x0000021d2ea3ff80 VMThread "VM Thread" [stack: 0x000000c3d1300000,0x000000c3d1400000] [id=33564]
  0x0000021d13f02890 WatcherThread [stack: 0x000000c3d1f00000,0x000000c3d2000000] [id=1296]
  0x0000021d13f2f410 GCTaskThread "GC Thread#0" [stack: 0x000000c3d0e00000,0x000000c3d0f00000] [id=34276]
  0x0000021d482cb320 GCTaskThread "GC Thread#1" [stack: 0x000000c3d2000000,0x000000c3d2100000] [id=30396]
  0x0000021d482cb5e0 GCTaskThread "GC Thread#2" [stack: 0x000000c3d2100000,0x000000c3d2200000] [id=31212]
  0x0000021d482cb8a0 GCTaskThread "GC Thread#3" [stack: 0x000000c3d2200000,0x000000c3d2300000] [id=31472]
  0x0000021d482cbb60 GCTaskThread "GC Thread#4" [stack: 0x000000c3d2300000,0x000000c3d2400000] [id=28000]
  0x0000021d482cbe20 GCTaskThread "GC Thread#5" [stack: 0x000000c3d2400000,0x000000c3d2500000] [id=1596]
  0x0000021d49d53ca0 GCTaskThread "GC Thread#6" [stack: 0x000000c3d3b00000,0x000000c3d3c00000] [id=33352]
  0x0000021d4a314260 GCTaskThread "GC Thread#7" [stack: 0x000000c3d3c00000,0x000000c3d3d00000] [id=23636]
  0x0000021d13f34360 ConcurrentGCThread "G1 Main Marker" [stack: 0x000000c3d0f00000,0x000000c3d1000000] [id=31120]
  0x0000021d13f34d70 ConcurrentGCThread "G1 Conc#0" [stack: 0x000000c3d1000000,0x000000c3d1100000] [id=21152]
  0x0000021d4a256270 ConcurrentGCThread "G1 Conc#1" [stack: 0x000000c3d3d00000,0x000000c3d3e00000] [id=34332]
  0x0000021d2e900530 ConcurrentGCThread "G1 Refine#0" [stack: 0x000000c3d1100000,0x000000c3d1200000] [id=22536]
  0x0000021d4b131280 ConcurrentGCThread "G1 Refine#1" [stack: 0x000000c3d4600000,0x000000c3d4700000] [id=35160]
  0x0000021d4b131b50 ConcurrentGCThread "G1 Refine#2" [stack: 0x000000c3d4700000,0x000000c3d4800000] [id=35164]
  0x0000021d2e900d70 ConcurrentGCThread "G1 Service" [stack: 0x000000c3d1200000,0x000000c3d1300000] [id=17844]

Threads with active compile tasks:
C2 CompilerThread0   882243 13889       4       org.jetbrains.org.objectweb.asm.ClassReader::readModuleAttributes (551 bytes)
C1 CompilerThread0   882243 13902       3       org.jetbrains.kotlin.metadata.ProtoBuf$Annotation$Argument$Value$Builder::mergeFrom (252 bytes)

VM state: not at safepoint (normal execution)

VM Mutex/Monitor currently owned by a thread: None

Heap address: 0x00000000e0000000, size: 512 MB, Compressed Oops mode: 32-bit

CDS archive(s) mapped at: [0x0000021d2f000000-0x0000021d2fbd0000-0x0000021d2fbd0000), size 12386304, SharedBaseAddress: 0x0000021d2f000000, ArchiveRelocationMode: 1.
Compressed class space mapped at: 0x0000021d30000000-0x0000021d44000000, reserved size: 335544320
Narrow klass base: 0x0000021d2f000000, Narrow klass shift: 0, Narrow klass range: 0x100000000

GC Precious Log:
 CPUs: 8 total, 8 available
 Memory: 7955M
 Large Page Support: Disabled
 NUMA Support: Disabled
 Compressed Oops: Enabled (32-bit)
 Heap Region Size: 1M
 Heap Min Capacity: 256M
 Heap Initial Capacity: 256M
 Heap Max Capacity: 512M
 Pre-touch: Disabled
 Parallel Workers: 8
 Concurrent Workers: 2
 Concurrent Refinement Workers: 8
 Periodic GC: Disabled

Heap:
 garbage-first heap   total 262144K, used 208957K [0x00000000e0000000, 0x0000000100000000)
  region size 1024K, 96 young (98304K), 8 survivors (8192K)
 Metaspace       used 120494K, committed 121280K, reserved 458752K
  class space    used 15417K, committed 15808K, reserved 327680K

Heap Regions: E=young(eden), S=young(survivor), O=old, HS=humongous(starts), HC=humongous(continues), CS=collection set, F=free, OA=open archive, CA=closed archive, TAMS=top-at-mark-start (previous, next)
|   0|0x00000000e0000000, 0x00000000e0100000, 0x00000000e0100000|100%|HS|  |TAMS 0x00000000e0100000, 0x00000000e0000000| Complete 
|   1|0x00000000e0100000, 0x00000000e0200000, 0x00000000e0200000|100%|HC|  |TAMS 0x00000000e0200000, 0x00000000e0100000| Complete 
|   2|0x00000000e0200000, 0x00000000e0300000, 0x00000000e0300000|100%|HC|  |TAMS 0x00000000e0300000, 0x00000000e0200000| Complete 
|   3|0x00000000e0300000, 0x00000000e0400000, 0x00000000e0400000|100%|HC|  |TAMS 0x00000000e0400000, 0x00000000e0300000| Complete 
|   4|0x00000000e0400000, 0x00000000e0500000, 0x00000000e0500000|100%| O|  |TAMS 0x00000000e0500000, 0x00000000e0400000| Untracked 
|   5|0x00000000e0500000, 0x00000000e0600000, 0x00000000e0600000|100%| O|  |TAMS 0x00000000e0600000, 0x00000000e0500000| Untracked 
|   6|0x00000000e0600000, 0x00000000e0700000, 0x00000000e0700000|100%| O|  |TAMS 0x00000000e0700000, 0x00000000e0600000| Untracked 
|   7|0x00000000e0700000, 0x00000000e0800000, 0x00000000e0800000|100%| O|  |TAMS 0x00000000e0800000, 0x00000000e0700000| Untracked 
|   8|0x00000000e0800000, 0x00000000e0900000, 0x00000000e0900000|100%| O|  |TAMS 0x00000000e0900000, 0x00000000e0800000| Untracked 
|   9|0x00000000e0900000, 0x00000000e0a00000, 0x00000000e0a00000|100%| O|  |TAMS 0x00000000e0a00000, 0x00000000e0900000| Untracked 
|  10|0x00000000e0a00000, 0x00000000e0b00000, 0x00000000e0b00000|100%| O|  |TAMS 0x00000000e0b00000, 0x00000000e0a00000| Untracked 
|  11|0x00000000e0b00000, 0x00000000e0c00000, 0x00000000e0c00000|100%| O|  |TAMS 0x00000000e0c00000, 0x00000000e0b00000| Untracked 
|  12|0x00000000e0c00000, 0x00000000e0d00000, 0x00000000e0d00000|100%|HS|  |TAMS 0x00000000e0d00000, 0x00000000e0c00000| Complete 
|  13|0x00000000e0d00000, 0x00000000e0e00000, 0x00000000e0e00000|100%|HC|  |TAMS 0x00000000e0e00000, 0x00000000e0d00000| Complete 
|  14|0x00000000e0e00000, 0x00000000e0f00000, 0x00000000e0f00000|100%|HS|  |TAMS 0x00000000e0f00000, 0x00000000e0e00000| Complete 
|  15|0x00000000e0f00000, 0x00000000e1000000, 0x00000000e1000000|100%|HC|  |TAMS 0x00000000e1000000, 0x00000000e0f00000| Complete 
|  16|0x00000000e1000000, 0x00000000e1100000, 0x00000000e1100000|100%|HC|  |TAMS 0x00000000e1100000, 0x00000000e1000000| Complete 
|  17|0x00000000e1100000, 0x00000000e1200000, 0x00000000e1200000|100%|HS|  |TAMS 0x00000000e1200000, 0x00000000e1100000| Complete 
|  18|0x00000000e1200000, 0x00000000e1300000, 0x00000000e1300000|100%|HC|  |TAMS 0x00000000e1300000, 0x00000000e1200000| Complete 
|  19|0x00000000e1300000, 0x00000000e1400000, 0x00000000e1400000|100%|HC|  |TAMS 0x00000000e1400000, 0x00000000e1300000| Complete 
|  20|0x00000000e1400000, 0x00000000e1500000, 0x00000000e1500000|100%|HS|  |TAMS 0x00000000e1500000, 0x00000000e1400000| Complete 
|  21|0x00000000e1500000, 0x00000000e1600000, 0x00000000e1600000|100%|HC|  |TAMS 0x00000000e1600000, 0x00000000e1500000| Complete 
|  22|0x00000000e1600000, 0x00000000e1700000, 0x00000000e1700000|100%|HC|  |TAMS 0x00000000e1700000, 0x00000000e1600000| Complete 
|  23|0x00000000e1700000, 0x00000000e1800000, 0x00000000e1800000|100%| O|  |TAMS 0x00000000e1800000, 0x00000000e1700000| Untracked 
|  24|0x00000000e1800000, 0x00000000e1900000, 0x00000000e1900000|100%| O|  |TAMS 0x00000000e1900000, 0x00000000e1800000| Untracked 
|  25|0x00000000e1900000, 0x00000000e1a00000, 0x00000000e1a00000|100%| O|  |TAMS 0x00000000e1a00000, 0x00000000e1900000| Untracked 
|  26|0x00000000e1a00000, 0x00000000e1b00000, 0x00000000e1b00000|100%| O|  |TAMS 0x00000000e1b00000, 0x00000000e1a00000| Untracked 
|  27|0x00000000e1b00000, 0x00000000e1c00000, 0x00000000e1c00000|100%| O|  |TAMS 0x00000000e1c00000, 0x00000000e1b00000| Untracked 
|  28|0x00000000e1c00000, 0x00000000e1d00000, 0x00000000e1d00000|100%| O|  |TAMS 0x00000000e1d00000, 0x00000000e1c00000| Untracked 
|  29|0x00000000e1d00000, 0x00000000e1e00000, 0x00000000e1e00000|100%| O|  |TAMS 0x00000000e1e00000, 0x00000000e1d00000| Untracked 
|  30|0x00000000e1e00000, 0x00000000e1f00000, 0x00000000e1f00000|100%| O|  |TAMS 0x00000000e1f00000, 0x00000000e1e00000| Untracked 
|  31|0x00000000e1f00000, 0x00000000e2000000, 0x00000000e2000000|100%| O|  |TAMS 0x00000000e2000000, 0x00000000e1f00000| Untracked 
|  32|0x00000000e2000000, 0x00000000e2100000, 0x00000000e2100000|100%| O|  |TAMS 0x00000000e2100000, 0x00000000e2000000| Untracked 
|  33|0x00000000e2100000, 0x00000000e2200000, 0x00000000e2200000|100%| O|  |TAMS 0x00000000e2200000, 0x00000000e2100000| Untracked 
|  34|0x00000000e2200000, 0x00000000e2300000, 0x00000000e2300000|100%| O|  |TAMS 0x00000000e2300000, 0x00000000e2200000| Untracked 
|  35|0x00000000e2300000, 0x00000000e2400000, 0x00000000e2400000|100%| O|  |TAMS 0x00000000e2400000, 0x00000000e2300000| Untracked 
|  36|0x00000000e2400000, 0x00000000e2500000, 0x00000000e2500000|100%| O|  |TAMS 0x00000000e2500000, 0x00000000e2400000| Untracked 
|  37|0x00000000e2500000, 0x00000000e2600000, 0x00000000e2600000|100%| O|  |TAMS 0x00000000e2600000, 0x00000000e2500000| Untracked 
|  38|0x00000000e2600000, 0x00000000e2700000, 0x00000000e2700000|100%| O|  |TAMS 0x00000000e2700000, 0x00000000e2600000| Untracked 
|  39|0x00000000e2700000, 0x00000000e2800000, 0x00000000e2800000|100%| O|  |TAMS 0x00000000e2800000, 0x00000000e2700000| Untracked 
|  40|0x00000000e2800000, 0x00000000e2900000, 0x00000000e2900000|100%| O|  |TAMS 0x00000000e2900000, 0x00000000e2800000| Untracked 
|  41|0x00000000e2900000, 0x00000000e2a00000, 0x00000000e2a00000|100%| O|  |TAMS 0x00000000e2a00000, 0x00000000e2900000| Untracked 
|  42|0x00000000e2a00000, 0x00000000e2b00000, 0x00000000e2b00000|100%| O|  |TAMS 0x00000000e2b00000, 0x00000000e2a00000| Untracked 
|  43|0x00000000e2b00000, 0x00000000e2c00000, 0x00000000e2c00000|100%|HS|  |TAMS 0x00000000e2c00000, 0x00000000e2b00000| Complete 
|  44|0x00000000e2c00000, 0x00000000e2d00000, 0x00000000e2d00000|100%|HS|  |TAMS 0x00000000e2d00000, 0x00000000e2c00000| Complete 
|  45|0x00000000e2d00000, 0x00000000e2e00000, 0x00000000e2e00000|100%|HC|  |TAMS 0x00000000e2e00000, 0x00000000e2d00000| Complete 
|  46|0x00000000e2e00000, 0x00000000e2f00000, 0x00000000e2f00000|100%|HC|  |TAMS 0x00000000e2f00000, 0x00000000e2e00000| Complete 
|  47|0x00000000e2f00000, 0x00000000e3000000, 0x00000000e3000000|100%| O|  |TAMS 0x00000000e3000000, 0x00000000e2f00000| Untracked 
|  48|0x00000000e3000000, 0x00000000e3100000, 0x00000000e3100000|100%| O|  |TAMS 0x00000000e3100000, 0x00000000e3000000| Untracked 
|  49|0x00000000e3100000, 0x00000000e3200000, 0x00000000e3200000|100%| O|  |TAMS 0x00000000e3200000, 0x00000000e3100000| Untracked 
|  50|0x00000000e3200000, 0x00000000e3300000, 0x00000000e3300000|100%| O|  |TAMS 0x00000000e3300000, 0x00000000e3200000| Untracked 
|  51|0x00000000e3300000, 0x00000000e3400000, 0x00000000e3400000|100%| O|  |TAMS 0x00000000e3400000, 0x00000000e3300000| Untracked 
|  52|0x00000000e3400000, 0x00000000e3500000, 0x00000000e3500000|100%| O|  |TAMS 0x00000000e3500000, 0x00000000e3400000| Untracked 
|  53|0x00000000e3500000, 0x00000000e3600000, 0x00000000e3600000|100%| O|  |TAMS 0x00000000e3600000, 0x00000000e3500000| Untracked 
|  54|0x00000000e3600000, 0x00000000e3700000, 0x00000000e3700000|100%| O|  |TAMS 0x00000000e3700000, 0x00000000e3600000| Untracked 
|  55|0x00000000e3700000, 0x00000000e3800000, 0x00000000e3800000|100%| O|  |TAMS 0x00000000e3800000, 0x00000000e3700000| Untracked 
|  56|0x00000000e3800000, 0x00000000e3900000, 0x00000000e3900000|100%| O|  |TAMS 0x00000000e3900000, 0x00000000e3800000| Untracked 
|  57|0x00000000e3900000, 0x00000000e3a00000, 0x00000000e3a00000|100%|HS|  |TAMS 0x00000000e3a00000, 0x00000000e3900000| Complete 
|  58|0x00000000e3a00000, 0x00000000e3b00000, 0x00000000e3b00000|100%|HC|  |TAMS 0x00000000e3b00000, 0x00000000e3a00000| Complete 
|  59|0x00000000e3b00000, 0x00000000e3c00000, 0x00000000e3c00000|100%|HC|  |TAMS 0x00000000e3c00000, 0x00000000e3b00000| Complete 
|  60|0x00000000e3c00000, 0x00000000e3d00000, 0x00000000e3d00000|100%|HC|  |TAMS 0x00000000e3d00000, 0x00000000e3c00000| Complete 
|  61|0x00000000e3d00000, 0x00000000e3e00000, 0x00000000e3e00000|100%| O|  |TAMS 0x00000000e3e00000, 0x00000000e3d00000| Untracked 
|  62|0x00000000e3e00000, 0x00000000e3f00000, 0x00000000e3f00000|100%| O|  |TAMS 0x00000000e3f00000, 0x00000000e3e00000| Untracked 
|  63|0x00000000e3f00000, 0x00000000e4000000, 0x00000000e4000000|100%| O|  |TAMS 0x00000000e4000000, 0x00000000e3f00000| Untracked 
|  64|0x00000000e4000000, 0x00000000e4100000, 0x00000000e4100000|100%| O|  |TAMS 0x00000000e4100000, 0x00000000e4000000| Untracked 
|  65|0x00000000e4100000, 0x00000000e4200000, 0x00000000e4200000|100%| O|  |TAMS 0x00000000e4200000, 0x00000000e4100000| Untracked 
|  66|0x00000000e4200000, 0x00000000e4300000, 0x00000000e4300000|100%| O|  |TAMS 0x00000000e4300000, 0x00000000e4200000| Untracked 
|  67|0x00000000e4300000, 0x00000000e4400000, 0x00000000e4400000|100%| O|  |TAMS 0x00000000e4400000, 0x00000000e4300000| Untracked 
|  68|0x00000000e4400000, 0x00000000e4500000, 0x00000000e4500000|100%| O|  |TAMS 0x00000000e4500000, 0x00000000e4400000| Untracked 
|  69|0x00000000e4500000, 0x00000000e4600000, 0x00000000e4600000|100%| O|  |TAMS 0x00000000e4600000, 0x00000000e4500000| Untracked 
|  70|0x00000000e4600000, 0x00000000e4700000, 0x00000000e4700000|100%| O|  |TAMS 0x00000000e4700000, 0x00000000e4600000| Untracked 
|  71|0x00000000e4700000, 0x00000000e4800000, 0x00000000e4800000|100%| O|  |TAMS 0x00000000e4800000, 0x00000000e4700000| Untracked 
|  72|0x00000000e4800000, 0x00000000e4900000, 0x00000000e4900000|100%| O|  |TAMS 0x00000000e4900000, 0x00000000e4800000| Untracked 
|  73|0x00000000e4900000, 0x00000000e4a00000, 0x00000000e4a00000|100%| O|  |TAMS 0x00000000e4a00000, 0x00000000e4900000| Untracked 
|  74|0x00000000e4a00000, 0x00000000e4b00000, 0x00000000e4b00000|100%| O|  |TAMS 0x00000000e4b00000, 0x00000000e4a00000| Untracked 
|  75|0x00000000e4b00000, 0x00000000e4c00000, 0x00000000e4c00000|100%| O|  |TAMS 0x00000000e4c00000, 0x00000000e4b00000| Untracked 
|  76|0x00000000e4c00000, 0x00000000e4d00000, 0x00000000e4d00000|100%| O|  |TAMS 0x00000000e4d00000, 0x00000000e4c00000| Untracked 
|  77|0x00000000e4d00000, 0x00000000e4e00000, 0x00000000e4e00000|100%| O|  |TAMS 0x00000000e4e00000, 0x00000000e4d00000| Untracked 
|  78|0x00000000e4e00000, 0x00000000e4f00000, 0x00000000e4f00000|100%| O|  |TAMS 0x00000000e4f00000, 0x00000000e4e00000| Untracked 
|  79|0x00000000e4f00000, 0x00000000e5000000, 0x00000000e5000000|100%| O|  |TAMS 0x00000000e5000000, 0x00000000e4f00000| Untracked 
|  80|0x00000000e5000000, 0x00000000e5100000, 0x00000000e5100000|100%| O|  |TAMS 0x00000000e5100000, 0x00000000e5000000| Untracked 
|  81|0x00000000e5100000, 0x00000000e5200000, 0x00000000e5200000|100%|HS|  |TAMS 0x00000000e5200000, 0x00000000e5100000| Complete 
|  82|0x00000000e5200000, 0x00000000e5300000, 0x00000000e5300000|100%|HC|  |TAMS 0x00000000e5300000, 0x00000000e5200000| Complete 
|  83|0x00000000e5300000, 0x00000000e5400000, 0x00000000e5400000|100%|HC|  |TAMS 0x00000000e5400000, 0x00000000e5300000| Complete 
|  84|0x00000000e5400000, 0x00000000e5500000, 0x00000000e5500000|100%|HC|  |TAMS 0x00000000e5500000, 0x00000000e5400000| Complete 
|  85|0x00000000e5500000, 0x00000000e5600000, 0x00000000e5600000|100%|HC|  |TAMS 0x00000000e5600000, 0x00000000e5500000| Complete 
|  86|0x00000000e5600000, 0x00000000e5700000, 0x00000000e5700000|100%|HC|  |TAMS 0x00000000e5700000, 0x00000000e5600000| Complete 
|  87|0x00000000e5700000, 0x00000000e5700000, 0x00000000e5800000|  0%| F|  |TAMS 0x00000000e5700000, 0x00000000e5700000| Untracked 
|  88|0x00000000e5800000, 0x00000000e5900000, 0x00000000e5900000|100%| O|  |TAMS 0x00000000e5900000, 0x00000000e5800000| Untracked 
|  89|0x00000000e5900000, 0x00000000e5a00000, 0x00000000e5a00000|100%| O|  |TAMS 0x00000000e5a00000, 0x00000000e5900000| Untracked 
|  90|0x00000000e5a00000, 0x00000000e5b00000, 0x00000000e5b00000|100%| O|  |TAMS 0x00000000e5b00000, 0x00000000e5a00000| Untracked 
|  91|0x00000000e5b00000, 0x00000000e5c00000, 0x00000000e5c00000|100%| O|  |TAMS 0x00000000e5c00000, 0x00000000e5b00000| Untracked 
|  92|0x00000000e5c00000, 0x00000000e5d00000, 0x00000000e5d00000|100%| O|  |TAMS 0x00000000e5d00000, 0x00000000e5c00000| Untracked 
|  93|0x00000000e5d00000, 0x00000000e5d00000, 0x00000000e5e00000|  0%| F|  |TAMS 0x00000000e5d00000, 0x00000000e5d00000| Untracked 
|  94|0x00000000e5e00000, 0x00000000e5f00000, 0x00000000e5f00000|100%| O|  |TAMS 0x00000000e5e99000, 0x00000000e5e00000| Untracked 
|  95|0x00000000e5f00000, 0x00000000e6000000, 0x00000000e6000000|100%| O|  |TAMS 0x00000000e5f00000, 0x00000000e5f00000| Untracked 
|  96|0x00000000e6000000, 0x00000000e6100000, 0x00000000e6100000|100%| O|  |TAMS 0x00000000e6000000, 0x00000000e6000000| Untracked 
|  97|0x00000000e6100000, 0x00000000e6200000, 0x00000000e6200000|100%| O|  |TAMS 0x00000000e6100000, 0x00000000e6100000| Untracked 
|  98|0x00000000e6200000, 0x00000000e6300000, 0x00000000e6300000|100%| O|  |TAMS 0x00000000e6200000, 0x00000000e6200000| Untracked 
|  99|0x00000000e6300000, 0x00000000e6400000, 0x00000000e6400000|100%| O|  |TAMS 0x00000000e6300000, 0x00000000e6300000| Untracked 
| 100|0x00000000e6400000, 0x00000000e6500000, 0x00000000e6500000|100%| O|  |TAMS 0x00000000e6400000, 0x00000000e6400000| Untracked 
| 101|0x00000000e6500000, 0x00000000e6600000, 0x00000000e6600000|100%| O|  |TAMS 0x00000000e6500000, 0x00000000e6500000| Untracked 
| 102|0x00000000e6600000, 0x00000000e6700000, 0x00000000e6700000|100%| O|  |TAMS 0x00000000e6600000, 0x00000000e6600000| Untracked 
| 103|0x00000000e6700000, 0x00000000e6800000, 0x00000000e6800000|100%| O|  |TAMS 0x00000000e6700000, 0x00000000e6700000| Untracked 
| 104|0x00000000e6800000, 0x00000000e6900000, 0x00000000e6900000|100%| O|  |TAMS 0x00000000e6800000, 0x00000000e6800000| Untracked 
| 105|0x00000000e6900000, 0x00000000e6a00000, 0x00000000e6a00000|100%| O|  |TAMS 0x00000000e6900000, 0x00000000e6900000| Untracked 
| 106|0x00000000e6a00000, 0x00000000e6b00000, 0x00000000e6b00000|100%| O|  |TAMS 0x00000000e6a00000, 0x00000000e6a00000| Untracked 
| 107|0x00000000e6b00000, 0x00000000e6c00000, 0x00000000e6c00000|100%| O|  |TAMS 0x00000000e6b00000, 0x00000000e6b00000| Untracked 
| 108|0x00000000e6c00000, 0x00000000e6d00000, 0x00000000e6d00000|100%| O|  |TAMS 0x00000000e6c00000, 0x00000000e6c00000| Untracked 
| 109|0x00000000e6d00000, 0x00000000e6e00000, 0x00000000e6e00000|100%| O|  |TAMS 0x00000000e6d00000, 0x00000000e6d00000| Untracked 
| 110|0x00000000e6e00000, 0x00000000e6f00000, 0x00000000e6f00000|100%| O|  |TAMS 0x00000000e6e00000, 0x00000000e6e00000| Untracked 
| 111|0x00000000e6f00000, 0x00000000e6f3d800, 0x00000000e7000000| 24%| O|  |TAMS 0x00000000e6f00000, 0x00000000e6f00000| Untracked 
| 112|0x00000000e7000000, 0x00000000e7000000, 0x00000000e7100000|  0%| F|  |TAMS 0x00000000e7000000, 0x00000000e7000000| Untracked 
| 113|0x00000000e7100000, 0x00000000e7100000, 0x00000000e7200000|  0%| F|  |TAMS 0x00000000e7100000, 0x00000000e7100000| Untracked 
| 114|0x00000000e7200000, 0x00000000e7200000, 0x00000000e7300000|  0%| F|  |TAMS 0x00000000e7200000, 0x00000000e7200000| Untracked 
| 115|0x00000000e7300000, 0x00000000e7300000, 0x00000000e7400000|  0%| F|  |TAMS 0x00000000e7300000, 0x00000000e7300000| Untracked 
| 116|0x00000000e7400000, 0x00000000e7400000, 0x00000000e7500000|  0%| F|  |TAMS 0x00000000e7400000, 0x00000000e7400000| Untracked 
| 117|0x00000000e7500000, 0x00000000e7500000, 0x00000000e7600000|  0%| F|  |TAMS 0x00000000e7500000, 0x00000000e7500000| Untracked 
| 118|0x00000000e7600000, 0x00000000e7600000, 0x00000000e7700000|  0%| F|  |TAMS 0x00000000e7600000, 0x00000000e7600000| Untracked 
| 119|0x00000000e7700000, 0x00000000e7700000, 0x00000000e7800000|  0%| F|  |TAMS 0x00000000e7700000, 0x00000000e7700000| Untracked 
| 120|0x00000000e7800000, 0x00000000e7800000, 0x00000000e7900000|  0%| F|  |TAMS 0x00000000e7800000, 0x00000000e7800000| Untracked 
| 121|0x00000000e7900000, 0x00000000e7900000, 0x00000000e7a00000|  0%| F|  |TAMS 0x00000000e7900000, 0x00000000e7900000| Untracked 
| 122|0x00000000e7a00000, 0x00000000e7a00000, 0x00000000e7b00000|  0%| F|  |TAMS 0x00000000e7a00000, 0x00000000e7a00000| Untracked 
| 123|0x00000000e7b00000, 0x00000000e7b00000, 0x00000000e7c00000|  0%| F|  |TAMS 0x00000000e7b00000, 0x00000000e7b00000| Untracked 
| 124|0x00000000e7c00000, 0x00000000e7c00000, 0x00000000e7d00000|  0%| F|  |TAMS 0x00000000e7c00000, 0x00000000e7c00000| Untracked 
| 125|0x00000000e7d00000, 0x00000000e7d00000, 0x00000000e7e00000|  0%| F|  |TAMS 0x00000000e7d00000, 0x00000000e7d00000| Untracked 
| 126|0x00000000e7e00000, 0x00000000e7e00000, 0x00000000e7f00000|  0%| F|  |TAMS 0x00000000e7e00000, 0x00000000e7e00000| Untracked 
| 127|0x00000000e7f00000, 0x00000000e7f00000, 0x00000000e8000000|  0%| F|  |TAMS 0x00000000e7f00000, 0x00000000e7f00000| Untracked 
| 128|0x00000000e8000000, 0x00000000e8000000, 0x00000000e8100000|  0%| F|  |TAMS 0x00000000e8000000, 0x00000000e8000000| Untracked 
| 129|0x00000000e8100000, 0x00000000e8100000, 0x00000000e8200000|  0%| F|  |TAMS 0x00000000e8100000, 0x00000000e8100000| Untracked 
| 130|0x00000000e8200000, 0x00000000e8200000, 0x00000000e8300000|  0%| F|  |TAMS 0x00000000e8200000, 0x00000000e8200000| Untracked 
| 131|0x00000000e8300000, 0x00000000e8300000, 0x00000000e8400000|  0%| F|  |TAMS 0x00000000e8300000, 0x00000000e8300000| Untracked 
| 132|0x00000000e8400000, 0x00000000e8400000, 0x00000000e8500000|  0%| F|  |TAMS 0x00000000e8400000, 0x00000000e8400000| Untracked 
| 133|0x00000000e8500000, 0x00000000e8500000, 0x00000000e8600000|  0%| F|  |TAMS 0x00000000e8500000, 0x00000000e8500000| Untracked 
| 134|0x00000000e8600000, 0x00000000e8600000, 0x00000000e8700000|  0%| F|  |TAMS 0x00000000e8600000, 0x00000000e8600000| Untracked 
| 135|0x00000000e8700000, 0x00000000e8700000, 0x00000000e8800000|  0%| F|  |TAMS 0x00000000e8700000, 0x00000000e8700000| Untracked 
| 136|0x00000000e8800000, 0x00000000e8800000, 0x00000000e8900000|  0%| F|  |TAMS 0x00000000e8800000, 0x00000000e8800000| Untracked 
| 137|0x00000000e8900000, 0x00000000e8900000, 0x00000000e8a00000|  0%| F|  |TAMS 0x00000000e8900000, 0x00000000e8900000| Untracked 
| 138|0x00000000e8a00000, 0x00000000e8a00000, 0x00000000e8b00000|  0%| F|  |TAMS 0x00000000e8a00000, 0x00000000e8a00000| Untracked 
| 139|0x00000000e8b00000, 0x00000000e8b00000, 0x00000000e8c00000|  0%| F|  |TAMS 0x00000000e8b00000, 0x00000000e8b00000| Untracked 
| 140|0x00000000e8c00000, 0x00000000e8c00000, 0x00000000e8d00000|  0%| F|  |TAMS 0x00000000e8c00000, 0x00000000e8c00000| Untracked 
| 141|0x00000000e8d00000, 0x00000000e8d00000, 0x00000000e8e00000|  0%| F|  |TAMS 0x00000000e8d00000, 0x00000000e8d00000| Untracked 
| 142|0x00000000e8e00000, 0x00000000e8e00000, 0x00000000e8f00000|  0%| F|  |TAMS 0x00000000e8e00000, 0x00000000e8e00000| Untracked 
| 143|0x00000000e8f00000, 0x00000000e8f00000, 0x00000000e9000000|  0%| F|  |TAMS 0x00000000e8f00000, 0x00000000e8f00000| Untracked 
| 144|0x00000000e9000000, 0x00000000e9000000, 0x00000000e9100000|  0%| F|  |TAMS 0x00000000e9000000, 0x00000000e9000000| Untracked 
| 145|0x00000000e9100000, 0x00000000e9100000, 0x00000000e9200000|  0%| F|  |TAMS 0x00000000e9100000, 0x00000000e9100000| Untracked 
| 146|0x00000000e9200000, 0x00000000e9200000, 0x00000000e9300000|  0%| F|  |TAMS 0x00000000e9200000, 0x00000000e9200000| Untracked 
| 147|0x00000000e9300000, 0x00000000e9300000, 0x00000000e9400000|  0%| F|  |TAMS 0x00000000e9300000, 0x00000000e9300000| Untracked 
| 148|0x00000000e9400000, 0x00000000e9400000, 0x00000000e9500000|  0%| F|  |TAMS 0x00000000e9400000, 0x00000000e9400000| Untracked 
| 149|0x00000000e9500000, 0x00000000e95d1dd0, 0x00000000e9600000| 81%| S|CS|TAMS 0x00000000e9500000, 0x00000000e9500000| Complete 
| 150|0x00000000e9600000, 0x00000000e9700000, 0x00000000e9700000|100%| S|CS|TAMS 0x00000000e9600000, 0x00000000e9600000| Complete 
| 151|0x00000000e9700000, 0x00000000e9800000, 0x00000000e9800000|100%| S|CS|TAMS 0x00000000e9700000, 0x00000000e9700000| Complete 
| 152|0x00000000e9800000, 0x00000000e9900000, 0x00000000e9900000|100%| S|CS|TAMS 0x00000000e9800000, 0x00000000e9800000| Complete 
| 153|0x00000000e9900000, 0x00000000e9a00000, 0x00000000e9a00000|100%| S|CS|TAMS 0x00000000e9900000, 0x00000000e9900000| Complete 
| 154|0x00000000e9a00000, 0x00000000e9b00000, 0x00000000e9b00000|100%| S|CS|TAMS 0x00000000e9a00000, 0x00000000e9a00000| Complete 
| 155|0x00000000e9b00000, 0x00000000e9c00000, 0x00000000e9c00000|100%| S|CS|TAMS 0x00000000e9b00000, 0x00000000e9b00000| Complete 
| 156|0x00000000e9c00000, 0x00000000e9d00000, 0x00000000e9d00000|100%| S|CS|TAMS 0x00000000e9c00000, 0x00000000e9c00000| Complete 
| 157|0x00000000e9d00000, 0x00000000e9d00000, 0x00000000e9e00000|  0%| F|  |TAMS 0x00000000e9d00000, 0x00000000e9d00000| Untracked 
| 158|0x00000000e9e00000, 0x00000000e9e00000, 0x00000000e9f00000|  0%| F|  |TAMS 0x00000000e9e00000, 0x00000000e9e00000| Untracked 
| 159|0x00000000e9f00000, 0x00000000e9f00000, 0x00000000ea000000|  0%| F|  |TAMS 0x00000000e9f00000, 0x00000000e9f00000| Untracked 
| 160|0x00000000ea000000, 0x00000000ea000000, 0x00000000ea100000|  0%| F|  |TAMS 0x00000000ea000000, 0x00000000ea000000| Untracked 
| 161|0x00000000ea100000, 0x00000000ea100000, 0x00000000ea200000|  0%| F|  |TAMS 0x00000000ea100000, 0x00000000ea100000| Untracked 
| 162|0x00000000ea200000, 0x00000000ea200000, 0x00000000ea300000|  0%| F|  |TAMS 0x00000000ea200000, 0x00000000ea200000| Untracked 
| 163|0x00000000ea300000, 0x00000000ea300000, 0x00000000ea400000|  0%| F|  |TAMS 0x00000000ea300000, 0x00000000ea300000| Untracked 
| 164|0x00000000ea400000, 0x00000000ea400000, 0x00000000ea500000|  0%| F|  |TAMS 0x00000000ea400000, 0x00000000ea400000| Untracked 
| 165|0x00000000ea500000, 0x00000000ea500000, 0x00000000ea600000|  0%| F|  |TAMS 0x00000000ea500000, 0x00000000ea500000| Untracked 
| 166|0x00000000ea600000, 0x00000000ea600000, 0x00000000ea700000|  0%| F|  |TAMS 0x00000000ea600000, 0x00000000ea600000| Untracked 
| 167|0x00000000ea700000, 0x00000000ea700000, 0x00000000ea800000|  0%| F|  |TAMS 0x00000000ea700000, 0x00000000ea700000| Untracked 
| 168|0x00000000ea800000, 0x00000000ea880800, 0x00000000ea900000| 50%| E|  |TAMS 0x00000000ea800000, 0x00000000ea800000| Complete 
| 169|0x00000000ea900000, 0x00000000eaa00000, 0x00000000eaa00000|100%| E|CS|TAMS 0x00000000ea900000, 0x00000000ea900000| Complete 
| 170|0x00000000eaa00000, 0x00000000eab00000, 0x00000000eab00000|100%| E|CS|TAMS 0x00000000eaa00000, 0x00000000eaa00000| Complete 
| 171|0x00000000eab00000, 0x00000000eac00000, 0x00000000eac00000|100%| E|CS|TAMS 0x00000000eab00000, 0x00000000eab00000| Complete 
| 172|0x00000000eac00000, 0x00000000ead00000, 0x00000000ead00000|100%| E|CS|TAMS 0x00000000eac00000, 0x00000000eac00000| Complete 
| 173|0x00000000ead00000, 0x00000000eae00000, 0x00000000eae00000|100%| E|CS|TAMS 0x00000000ead00000, 0x00000000ead00000| Complete 
| 174|0x00000000eae00000, 0x00000000eaf00000, 0x00000000eaf00000|100%| E|CS|TAMS 0x00000000eae00000, 0x00000000eae00000| Complete 
| 175|0x00000000eaf00000, 0x00000000eb000000, 0x00000000eb000000|100%| E|CS|TAMS 0x00000000eaf00000, 0x00000000eaf00000| Complete 
| 176|0x00000000eb000000, 0x00000000eb100000, 0x00000000eb100000|100%| E|CS|TAMS 0x00000000eb000000, 0x00000000eb000000| Complete 
| 177|0x00000000eb100000, 0x00000000eb200000, 0x00000000eb200000|100%| E|CS|TAMS 0x00000000eb100000, 0x00000000eb100000| Complete 
| 178|0x00000000eb200000, 0x00000000eb300000, 0x00000000eb300000|100%| E|CS|TAMS 0x00000000eb200000, 0x00000000eb200000| Complete 
| 179|0x00000000eb300000, 0x00000000eb400000, 0x00000000eb400000|100%| E|CS|TAMS 0x00000000eb300000, 0x00000000eb300000| Complete 
| 180|0x00000000eb400000, 0x00000000eb500000, 0x00000000eb500000|100%| E|CS|TAMS 0x00000000eb400000, 0x00000000eb400000| Complete 
| 181|0x00000000eb500000, 0x00000000eb600000, 0x00000000eb600000|100%| E|CS|TAMS 0x00000000eb500000, 0x00000000eb500000| Complete 
| 182|0x00000000eb600000, 0x00000000eb700000, 0x00000000eb700000|100%| E|CS|TAMS 0x00000000eb600000, 0x00000000eb600000| Complete 
| 183|0x00000000eb700000, 0x00000000eb800000, 0x00000000eb800000|100%| E|CS|TAMS 0x00000000eb700000, 0x00000000eb700000| Complete 
| 184|0x00000000eb800000, 0x00000000eb900000, 0x00000000eb900000|100%| E|CS|TAMS 0x00000000eb800000, 0x00000000eb800000| Complete 
| 185|0x00000000eb900000, 0x00000000eba00000, 0x00000000eba00000|100%| E|CS|TAMS 0x00000000eb900000, 0x00000000eb900000| Complete 
| 186|0x00000000eba00000, 0x00000000ebb00000, 0x00000000ebb00000|100%| E|CS|TAMS 0x00000000eba00000, 0x00000000eba00000| Complete 
| 187|0x00000000ebb00000, 0x00000000ebc00000, 0x00000000ebc00000|100%| E|CS|TAMS 0x00000000ebb00000, 0x00000000ebb00000| Complete 
| 188|0x00000000ebc00000, 0x00000000ebd00000, 0x00000000ebd00000|100%| E|CS|TAMS 0x00000000ebc00000, 0x00000000ebc00000| Complete 
| 189|0x00000000ebd00000, 0x00000000ebe00000, 0x00000000ebe00000|100%| E|CS|TAMS 0x00000000ebd00000, 0x00000000ebd00000| Complete 
| 190|0x00000000ebe00000, 0x00000000ebf00000, 0x00000000ebf00000|100%| E|CS|TAMS 0x00000000ebe00000, 0x00000000ebe00000| Complete 
| 191|0x00000000ebf00000, 0x00000000ec000000, 0x00000000ec000000|100%| E|CS|TAMS 0x00000000ebf00000, 0x00000000ebf00000| Complete 
| 192|0x00000000ec000000, 0x00000000ec100000, 0x00000000ec100000|100%| E|CS|TAMS 0x00000000ec000000, 0x00000000ec000000| Complete 
| 193|0x00000000ec100000, 0x00000000ec200000, 0x00000000ec200000|100%| E|CS|TAMS 0x00000000ec100000, 0x00000000ec100000| Complete 
| 194|0x00000000ec200000, 0x00000000ec300000, 0x00000000ec300000|100%| E|CS|TAMS 0x00000000ec200000, 0x00000000ec200000| Complete 
| 195|0x00000000ec300000, 0x00000000ec400000, 0x00000000ec400000|100%| E|CS|TAMS 0x00000000ec300000, 0x00000000ec300000| Complete 
| 196|0x00000000ec400000, 0x00000000ec500000, 0x00000000ec500000|100%| E|CS|TAMS 0x00000000ec400000, 0x00000000ec400000| Complete 
| 197|0x00000000ec500000, 0x00000000ec600000, 0x00000000ec600000|100%| E|CS|TAMS 0x00000000ec500000, 0x00000000ec500000| Complete 
| 198|0x00000000ec600000, 0x00000000ec700000, 0x00000000ec700000|100%| E|CS|TAMS 0x00000000ec600000, 0x00000000ec600000| Complete 
| 199|0x00000000ec700000, 0x00000000ec800000, 0x00000000ec800000|100%| E|CS|TAMS 0x00000000ec700000, 0x00000000ec700000| Complete 
| 200|0x00000000ec800000, 0x00000000ec900000, 0x00000000ec900000|100%| E|CS|TAMS 0x00000000ec800000, 0x00000000ec800000| Complete 
| 201|0x00000000ec900000, 0x00000000eca00000, 0x00000000eca00000|100%| E|CS|TAMS 0x00000000ec900000, 0x00000000ec900000| Complete 
| 202|0x00000000eca00000, 0x00000000ecb00000, 0x00000000ecb00000|100%| E|CS|TAMS 0x00000000eca00000, 0x00000000eca00000| Complete 
| 203|0x00000000ecb00000, 0x00000000ecc00000, 0x00000000ecc00000|100%| E|CS|TAMS 0x00000000ecb00000, 0x00000000ecb00000| Complete 
| 204|0x00000000ecc00000, 0x00000000ecd00000, 0x00000000ecd00000|100%| E|CS|TAMS 0x00000000ecc00000, 0x00000000ecc00000| Complete 
| 205|0x00000000ecd00000, 0x00000000ece00000, 0x00000000ece00000|100%| E|CS|TAMS 0x00000000ecd00000, 0x00000000ecd00000| Complete 
| 206|0x00000000ece00000, 0x00000000ecf00000, 0x00000000ecf00000|100%| E|CS|TAMS 0x00000000ece00000, 0x00000000ece00000| Complete 
| 207|0x00000000ecf00000, 0x00000000ed000000, 0x00000000ed000000|100%| E|CS|TAMS 0x00000000ecf00000, 0x00000000ecf00000| Complete 
| 208|0x00000000ed000000, 0x00000000ed100000, 0x00000000ed100000|100%| E|CS|TAMS 0x00000000ed000000, 0x00000000ed000000| Complete 
| 209|0x00000000ed100000, 0x00000000ed200000, 0x00000000ed200000|100%| E|CS|TAMS 0x00000000ed100000, 0x00000000ed100000| Complete 
| 210|0x00000000ed200000, 0x00000000ed300000, 0x00000000ed300000|100%| E|CS|TAMS 0x00000000ed200000, 0x00000000ed200000| Complete 
| 211|0x00000000ed300000, 0x00000000ed400000, 0x00000000ed400000|100%| E|CS|TAMS 0x00000000ed300000, 0x00000000ed300000| Complete 
| 212|0x00000000ed400000, 0x00000000ed500000, 0x00000000ed500000|100%| E|CS|TAMS 0x00000000ed400000, 0x00000000ed400000| Complete 
| 213|0x00000000ed500000, 0x00000000ed600000, 0x00000000ed600000|100%| E|CS|TAMS 0x00000000ed500000, 0x00000000ed500000| Complete 
| 214|0x00000000ed600000, 0x00000000ed700000, 0x00000000ed700000|100%| E|CS|TAMS 0x00000000ed600000, 0x00000000ed600000| Complete 
| 215|0x00000000ed700000, 0x00000000ed800000, 0x00000000ed800000|100%| E|CS|TAMS 0x00000000ed700000, 0x00000000ed700000| Complete 
| 216|0x00000000ed800000, 0x00000000ed900000, 0x00000000ed900000|100%| E|CS|TAMS 0x00000000ed800000, 0x00000000ed800000| Complete 
| 217|0x00000000ed900000, 0x00000000eda00000, 0x00000000eda00000|100%| E|CS|TAMS 0x00000000ed900000, 0x00000000ed900000| Complete 
| 218|0x00000000eda00000, 0x00000000edb00000, 0x00000000edb00000|100%| E|CS|TAMS 0x00000000eda00000, 0x00000000eda00000| Complete 
| 219|0x00000000edb00000, 0x00000000edc00000, 0x00000000edc00000|100%| E|CS|TAMS 0x00000000edb00000, 0x00000000edb00000| Complete 
| 220|0x00000000edc00000, 0x00000000edd00000, 0x00000000edd00000|100%| E|CS|TAMS 0x00000000edc00000, 0x00000000edc00000| Complete 
| 221|0x00000000edd00000, 0x00000000ede00000, 0x00000000ede00000|100%| E|CS|TAMS 0x00000000edd00000, 0x00000000edd00000| Complete 
| 222|0x00000000ede00000, 0x00000000edf00000, 0x00000000edf00000|100%| E|CS|TAMS 0x00000000ede00000, 0x00000000ede00000| Complete 
| 223|0x00000000edf00000, 0x00000000ee000000, 0x00000000ee000000|100%| E|CS|TAMS 0x00000000edf00000, 0x00000000edf00000| Complete 
| 224|0x00000000ee000000, 0x00000000ee100000, 0x00000000ee100000|100%| E|CS|TAMS 0x00000000ee000000, 0x00000000ee000000| Complete 
| 225|0x00000000ee100000, 0x00000000ee200000, 0x00000000ee200000|100%| E|CS|TAMS 0x00000000ee100000, 0x00000000ee100000| Complete 
| 226|0x00000000ee200000, 0x00000000ee300000, 0x00000000ee300000|100%| E|CS|TAMS 0x00000000ee200000, 0x00000000ee200000| Complete 
| 227|0x00000000ee300000, 0x00000000ee400000, 0x00000000ee400000|100%| E|CS|TAMS 0x00000000ee300000, 0x00000000ee300000| Complete 
| 228|0x00000000ee400000, 0x00000000ee500000, 0x00000000ee500000|100%| E|CS|TAMS 0x00000000ee400000, 0x00000000ee400000| Complete 
| 229|0x00000000ee500000, 0x00000000ee600000, 0x00000000ee600000|100%| E|CS|TAMS 0x00000000ee500000, 0x00000000ee500000| Complete 
| 230|0x00000000ee600000, 0x00000000ee700000, 0x00000000ee700000|100%| E|CS|TAMS 0x00000000ee600000, 0x00000000ee600000| Complete 
| 231|0x00000000ee700000, 0x00000000ee800000, 0x00000000ee800000|100%| E|CS|TAMS 0x00000000ee700000, 0x00000000ee700000| Complete 
| 232|0x00000000ee800000, 0x00000000ee900000, 0x00000000ee900000|100%| E|CS|TAMS 0x00000000ee800000, 0x00000000ee800000| Complete 
| 233|0x00000000ee900000, 0x00000000eea00000, 0x00000000eea00000|100%| E|CS|TAMS 0x00000000ee900000, 0x00000000ee900000| Complete 
| 234|0x00000000eea00000, 0x00000000eeb00000, 0x00000000eeb00000|100%| E|CS|TAMS 0x00000000eea00000, 0x00000000eea00000| Complete 
| 235|0x00000000eeb00000, 0x00000000eec00000, 0x00000000eec00000|100%| E|CS|TAMS 0x00000000eeb00000, 0x00000000eeb00000| Complete 
| 236|0x00000000eec00000, 0x00000000eed00000, 0x00000000eed00000|100%| E|CS|TAMS 0x00000000eec00000, 0x00000000eec00000| Complete 
| 237|0x00000000eed00000, 0x00000000eee00000, 0x00000000eee00000|100%| E|CS|TAMS 0x00000000eed00000, 0x00000000eed00000| Complete 
| 238|0x00000000eee00000, 0x00000000eef00000, 0x00000000eef00000|100%| E|CS|TAMS 0x00000000eee00000, 0x00000000eee00000| Complete 
| 239|0x00000000eef00000, 0x00000000ef000000, 0x00000000ef000000|100%| E|CS|TAMS 0x00000000eef00000, 0x00000000eef00000| Complete 
| 240|0x00000000ef000000, 0x00000000ef100000, 0x00000000ef100000|100%| E|CS|TAMS 0x00000000ef000000, 0x00000000ef000000| Complete 
| 241|0x00000000ef100000, 0x00000000ef200000, 0x00000000ef200000|100%| E|CS|TAMS 0x00000000ef100000, 0x00000000ef100000| Complete 
| 242|0x00000000ef200000, 0x00000000ef300000, 0x00000000ef300000|100%| E|CS|TAMS 0x00000000ef200000, 0x00000000ef200000| Complete 
| 243|0x00000000ef300000, 0x00000000ef400000, 0x00000000ef400000|100%| E|CS|TAMS 0x00000000ef300000, 0x00000000ef300000| Complete 
| 244|0x00000000ef400000, 0x00000000ef500000, 0x00000000ef500000|100%| E|CS|TAMS 0x00000000ef400000, 0x00000000ef400000| Complete 
| 245|0x00000000ef500000, 0x00000000ef600000, 0x00000000ef600000|100%| E|CS|TAMS 0x00000000ef500000, 0x00000000ef500000| Complete 
| 246|0x00000000ef600000, 0x00000000ef700000, 0x00000000ef700000|100%| E|CS|TAMS 0x00000000ef600000, 0x00000000ef600000| Complete 
| 247|0x00000000ef700000, 0x00000000ef800000, 0x00000000ef800000|100%| E|CS|TAMS 0x00000000ef700000, 0x00000000ef700000| Complete 
| 248|0x00000000ef800000, 0x00000000ef900000, 0x00000000ef900000|100%| E|CS|TAMS 0x00000000ef800000, 0x00000000ef800000| Complete 
| 249|0x00000000ef900000, 0x00000000efa00000, 0x00000000efa00000|100%| E|CS|TAMS 0x00000000ef900000, 0x00000000ef900000| Complete 
| 250|0x00000000efa00000, 0x00000000efb00000, 0x00000000efb00000|100%| E|CS|TAMS 0x00000000efa00000, 0x00000000efa00000| Complete 
| 251|0x00000000efb00000, 0x00000000efc00000, 0x00000000efc00000|100%| E|CS|TAMS 0x00000000efb00000, 0x00000000efb00000| Complete 
| 252|0x00000000efc00000, 0x00000000efd00000, 0x00000000efd00000|100%| E|CS|TAMS 0x00000000efc00000, 0x00000000efc00000| Complete 
| 253|0x00000000efd00000, 0x00000000efe00000, 0x00000000efe00000|100%| E|CS|TAMS 0x00000000efd00000, 0x00000000efd00000| Complete 
| 254|0x00000000efe00000, 0x00000000eff00000, 0x00000000eff00000|100%| E|CS|TAMS 0x00000000efe00000, 0x00000000efe00000| Complete 
| 255|0x00000000eff00000, 0x00000000f0000000, 0x00000000f0000000|100%| E|CS|TAMS 0x00000000eff00000, 0x00000000eff00000| Complete 

Card table byte_map: [0x0000021d2ae30000,0x0000021d2af30000] _byte_map_base: 0x0000021d2a730000

Marking Bits (Prev, Next): (CMBitMap*) 0x0000021d13f2fa30, (CMBitMap*) 0x0000021d13f2fa70
 Prev Bits: [0x0000021d2b030000, 0x0000021d2b830000)
 Next Bits: [0x0000021d2b830000, 0x0000021d2c030000)

Polling page: 0x0000021d11e50000

Metaspace:

Usage:
  Non-class:    102.61 MB used.
      Class:     15.06 MB used.
       Both:    117.67 MB used.

Virtual space:
  Non-class space:      128.00 MB reserved,     103.00 MB ( 80%) committed,  2 nodes.
      Class space:      320.00 MB reserved,      15.44 MB (  5%) committed,  1 nodes.
             Both:      448.00 MB reserved,     118.44 MB ( 26%) committed. 

Chunk freelists:
   Non-Class:  9.03 MB
       Class:  567.00 KB
        Both:  9.58 MB

MaxMetaspaceSize: 384.00 MB
CompressedClassSpaceSize: 320.00 MB
Initial GC threshold: 21.00 MB
Current GC threshold: 166.38 MB
CDS: on
MetaspaceReclaimPolicy: balanced
 - commit_granule_bytes: 65536.
 - commit_granule_words: 8192.
 - virtual_space_node_default_size: 8388608.
 - enlarge_chunks_in_place: 1.
 - new_chunks_are_fully_committed: 0.
 - uncommit_free_chunks: 1.
 - use_allocation_guard: 0.
 - handle_deallocations: 1.


Internal statistics:

num_allocs_failed_limit: 18.
num_arena_births: 1098.
num_arena_deaths: 132.
num_vsnodes_births: 3.
num_vsnodes_deaths: 0.
num_space_committed: 1893.
num_space_uncommitted: 0.
num_chunks_returned_to_freelist: 157.
num_chunks_taken_from_freelist: 5550.
num_chunk_merges: 59.
num_chunk_splits: 4053.
num_chunks_enlarged: 3101.
num_inconsistent_stats: 0.

CodeHeap 'non-profiled nmethods': size=120000Kb used=6617Kb max_used=6617Kb free=113382Kb
 bounds [0x0000021d234d0000, 0x0000021d23b50000, 0x0000021d2aa00000]
CodeHeap 'profiled nmethods': size=120000Kb used=26235Kb max_used=26235Kb free=93764Kb
 bounds [0x0000021d1ba00000, 0x0000021d1d3b0000, 0x0000021d22f30000]
CodeHeap 'non-nmethods': size=5760Kb used=2578Kb max_used=2626Kb free=3182Kb
 bounds [0x0000021d22f30000, 0x0000021d231d0000, 0x0000021d234d0000]
 total_blobs=13002 nmethods=11876 adapters=1036
 compilation: enabled
              stopped_count=0, restarted_count=0
 full_count=0

Compilation events (20 events):
Event: 881.985 Thread 0x0000021d2ea64570 nmethod 13881 0x0000021d1d398510 code [0x0000021d1d3986e0, 0x0000021d1d398a88]
Event: 882.010 Thread 0x0000021d2ea64570 13882       3       org.jetbrains.kotlin.com.intellij.mock.MockApplication::assertReadAccessAllowed (1 bytes)
Event: 882.010 Thread 0x0000021d2ea64570 nmethod 13882 0x0000021d1d398b90 code [0x0000021d1d398d20, 0x0000021d1d398e38]
Event: 882.011 Thread 0x0000021d2ea64570 13883       3       org.jetbrains.kotlin.com.intellij.psi.impl.source.PsiFileImpl::getVirtualFile (33 bytes)
Event: 882.012 Thread 0x0000021d2ea64570 nmethod 13883 0x0000021d1d398f10 code [0x0000021d1d399100, 0x0000021d1d399798]
Event: 882.015 Thread 0x0000021d2ea64570 13884       3       org.jetbrains.kotlin.com.intellij.lang.impl.PsiBuilderAdapter::advanceLexer (10 bytes)
Event: 882.015 Thread 0x0000021d2ea61ab0 13886       4       java.util.Arrays::copyOf (19 bytes)
Event: 882.015 Thread 0x0000021d2ea64570 nmethod 13884 0x0000021d1d399990 code [0x0000021d1d399b40, 0x0000021d1d399d08]
Event: 882.015 Thread 0x0000021d2ea64570 13885       3       org.jetbrains.kotlin.com.intellij.lang.impl.PsiBuilderImpl::advanceLexer (31 bytes)
Event: 882.016 Thread 0x0000021d2ea64570 nmethod 13885 0x0000021d1d399e10 code [0x0000021d1d39a000, 0x0000021d1d39a478]
Event: 882.016 Thread 0x0000021d2ea64570 13888       3       org.jetbrains.kotlin.it.unimi.dsi.fastutil.ints.IntOpenHashSet::contains (70 bytes)
Event: 882.017 Thread 0x0000021d2ea64570 nmethod 13888 0x0000021d1d39a610 code [0x0000021d1d39a7e0, 0x0000021d1d39ac18]
Event: 882.017 Thread 0x0000021d2ea64570 13887       3       org.jetbrains.kotlin.com.intellij.lang.impl.MarkerOptionalData::isCollapsed (11 bytes)
Event: 882.017 Thread 0x0000021d2ea64570 nmethod 13887 0x0000021d1d39ad90 code [0x0000021d1d39af40, 0x0000021d1d39b0c8]
Event: 882.019 Thread 0x0000021d2ea61ab0 nmethod 13886 0x0000021d23b46090 code [0x0000021d23b46220, 0x0000021d23b464f8]
Event: 882.034 Thread 0x0000021d2ea61ab0 13889       4       org.jetbrains.org.objectweb.asm.ClassReader::readModuleAttributes (551 bytes)
Event: 882.035 Thread 0x0000021d2ea64570 13890       3       org.jetbrains.kotlin.resolve.jvm.modules.JavaModule$Explicit::getName (8 bytes)
Event: 882.035 Thread 0x0000021d2ea64570 nmethod 13890 0x0000021d1d39b210 code [0x0000021d1d39b3a0, 0x0000021d1d39b4d8]
Event: 882.035 Thread 0x0000021d2ea64570 13892       3       org.jetbrains.kotlin.resolve.jvm.modules.JavaModule$Explicit::<init> (44 bytes)
Event: 882.037 Thread 0x0000021d2ea64570 nmethod 13892 0x0000021d1d39b590 code [0x0000021d1d39b8a0, 0x0000021d1d39c938]

GC Heap History (20 events):
Event: 119.847 GC heap before
{Heap before GC invocations=9 (full 0):
 garbage-first heap   total 262144K, used 130824K [0x00000000e0000000, 0x0000000100000000)
  region size 1024K, 83 young (84992K), 11 survivors (11264K)
 Metaspace       used 60476K, committed 61120K, reserved 393216K
  class space    used 8385K, committed 8704K, reserved 327680K
}
Event: 119.870 GC heap after
{Heap after GC invocations=10 (full 0):
 garbage-first heap   total 262144K, used 63207K [0x00000000e0000000, 0x0000000100000000)
  region size 1024K, 5 young (5120K), 5 survivors (5120K)
 Metaspace       used 60476K, committed 61120K, reserved 393216K
  class space    used 8385K, committed 8704K, reserved 327680K
}
Event: 321.978 GC heap before
{Heap before GC invocations=11 (full 0):
 garbage-first heap   total 262144K, used 208615K [0x00000000e0000000, 0x0000000100000000)
  region size 1024K, 136 young (139264K), 5 survivors (5120K)
 Metaspace       used 75691K, committed 76480K, reserved 458752K
  class space    used 10758K, committed 11136K, reserved 327680K
}
Event: 322.552 GC heap after
{Heap after GC invocations=12 (full 0):
 garbage-first heap   total 262144K, used 82663K [0x00000000e0000000, 0x0000000100000000)
  region size 1024K, 13 young (13312K), 13 survivors (13312K)
 Metaspace       used 75691K, committed 76480K, reserved 458752K
  class space    used 10758K, committed 11136K, reserved 327680K
}
Event: 322.560 GC heap before
{Heap before GC invocations=12 (full 0):
 garbage-first heap   total 262144K, used 83687K [0x00000000e0000000, 0x0000000100000000)
  region size 1024K, 14 young (14336K), 13 survivors (13312K)
 Metaspace       used 75691K, committed 76480K, reserved 458752K
  class space    used 10758K, committed 11136K, reserved 327680K
}
Event: 322.598 GC heap after
{Heap after GC invocations=13 (full 0):
 garbage-first heap   total 262144K, used 83599K [0x00000000e0000000, 0x0000000100000000)
  region size 1024K, 2 young (2048K), 2 survivors (2048K)
 Metaspace       used 75691K, committed 76480K, reserved 458752K
  class space    used 10758K, committed 11136K, reserved 327680K
}
Event: 411.475 GC heap before
{Heap before GC invocations=13 (full 0):
 garbage-first heap   total 262144K, used 193167K [0x00000000e0000000, 0x0000000100000000)
  region size 1024K, 102 young (104448K), 2 survivors (2048K)
 Metaspace       used 84132K, committed 84864K, reserved 458752K
  class space    used 11612K, committed 11968K, reserved 327680K
}
Event: 411.525 GC heap after
{Heap after GC invocations=14 (full 0):
 garbage-first heap   total 262144K, used 96704K [0x00000000e0000000, 0x0000000100000000)
  region size 1024K, 13 young (13312K), 13 survivors (13312K)
 Metaspace       used 84132K, committed 84864K, reserved 458752K
  class space    used 11612K, committed 11968K, reserved 327680K
}
Event: 428.417 GC heap before
{Heap before GC invocations=14 (full 0):
 garbage-first heap   total 262144K, used 118208K [0x00000000e0000000, 0x0000000100000000)
  region size 1024K, 35 young (35840K), 13 survivors (13312K)
 Metaspace       used 86699K, committed 87488K, reserved 458752K
  class space    used 11845K, committed 12224K, reserved 327680K
}
Event: 428.432 GC heap after
{Heap after GC invocations=15 (full 0):
 garbage-first heap   total 262144K, used 99415K [0x00000000e0000000, 0x0000000100000000)
  region size 1024K, 3 young (3072K), 3 survivors (3072K)
 Metaspace       used 86699K, committed 87488K, reserved 458752K
  class space    used 11845K, committed 12224K, reserved 327680K
}
Event: 643.666 GC heap before
{Heap before GC invocations=15 (full 0):
 garbage-first heap   total 262144K, used 203863K [0x00000000e0000000, 0x0000000100000000)
  region size 1024K, 105 young (107520K), 3 survivors (3072K)
 Metaspace       used 94282K, committed 95104K, reserved 458752K
  class space    used 12727K, committed 13120K, reserved 327680K
}
Event: 643.721 GC heap after
{Heap after GC invocations=16 (full 0):
 garbage-first heap   total 262144K, used 104116K [0x00000000e0000000, 0x0000000100000000)
  region size 1024K, 8 young (8192K), 8 survivors (8192K)
 Metaspace       used 94282K, committed 95104K, reserved 458752K
  class space    used 12727K, committed 13120K, reserved 327680K
}
Event: 692.050 GC heap before
{Heap before GC invocations=16 (full 0):
 garbage-first heap   total 262144K, used 206516K [0x00000000e0000000, 0x0000000100000000)
  region size 1024K, 108 young (110592K), 8 survivors (8192K)
 Metaspace       used 101252K, committed 102080K, reserved 458752K
  class space    used 13544K, committed 13952K, reserved 327680K
}
Event: 692.090 GC heap after
{Heap after GC invocations=17 (full 0):
 garbage-first heap   total 262144K, used 109303K [0x00000000e0000000, 0x0000000100000000)
  region size 1024K, 13 young (13312K), 13 survivors (13312K)
 Metaspace       used 101252K, committed 102080K, reserved 458752K
  class space    used 13544K, committed 13952K, reserved 327680K
}
Event: 725.417 GC heap before
{Heap before GC invocations=18 (full 0):
 garbage-first heap   total 262144K, used 208631K [0x00000000e0000000, 0x0000000100000000)
  region size 1024K, 111 young (113664K), 13 survivors (13312K)
 Metaspace       used 112626K, committed 113408K, reserved 458752K
  class space    used 14807K, committed 15168K, reserved 327680K
}
Event: 725.441 GC heap after
{Heap after GC invocations=19 (full 0):
 garbage-first heap   total 262144K, used 114042K [0x00000000e0000000, 0x0000000100000000)
  region size 1024K, 11 young (11264K), 11 survivors (11264K)
 Metaspace       used 112626K, committed 113408K, reserved 458752K
  class space    used 14807K, committed 15168K, reserved 327680K
}
Event: 725.511 GC heap before
{Heap before GC invocations=19 (full 0):
 garbage-first heap   total 262144K, used 115066K [0x00000000e0000000, 0x0000000100000000)
  region size 1024K, 12 young (12288K), 11 survivors (11264K)
 Metaspace       used 112751K, committed 113472K, reserved 458752K
  class space    used 14820K, committed 15168K, reserved 327680K
}
Event: 725.537 GC heap after
{Heap after GC invocations=20 (full 0):
 garbage-first heap   total 262144K, used 113601K [0x00000000e0000000, 0x0000000100000000)
  region size 1024K, 2 young (2048K), 2 survivors (2048K)
 Metaspace       used 112751K, committed 113472K, reserved 458752K
  class space    used 14820K, committed 15168K, reserved 327680K
}
Event: 738.176 GC heap before
{Heap before GC invocations=20 (full 0):
 garbage-first heap   total 262144K, used 213953K [0x00000000e0000000, 0x0000000100000000)
  region size 1024K, 99 young (101376K), 2 survivors (2048K)
 Metaspace       used 116899K, committed 117632K, reserved 458752K
  class space    used 15159K, committed 15488K, reserved 327680K
}
Event: 738.190 GC heap after
{Heap after GC invocations=21 (full 0):
 garbage-first heap   total 262144K, used 119869K [0x00000000e0000000, 0x0000000100000000)
  region size 1024K, 8 young (8192K), 8 survivors (8192K)
 Metaspace       used 116899K, committed 117632K, reserved 458752K
  class space    used 15159K, committed 15488K, reserved 327680K
}

Dll operation events (14 events):
Event: 0.679 Loaded shared library C:\Users\15483\.jdks\corretto-17.0.8.1\bin\java.dll
Event: 1.416 Loaded shared library C:\Users\15483\.jdks\corretto-17.0.8.1\bin\jsvml.dll
Event: 2.902 Loaded shared library C:\Users\15483\.jdks\corretto-17.0.8.1\bin\zip.dll
Event: 2.917 Loaded shared library C:\Users\15483\.jdks\corretto-17.0.8.1\bin\instrument.dll
Event: 3.914 Loaded shared library C:\Users\15483\.jdks\corretto-17.0.8.1\bin\net.dll
Event: 4.078 Loaded shared library C:\Users\15483\.jdks\corretto-17.0.8.1\bin\nio.dll
Event: 4.209 Loaded shared library C:\Users\15483\.jdks\corretto-17.0.8.1\bin\zip.dll
Event: 11.132 Loaded shared library C:\Users\15483\.jdks\corretto-17.0.8.1\bin\jimage.dll
Event: 12.845 Loaded shared library C:\Users\15483\.jdks\corretto-17.0.8.1\bin\verify.dll
Event: 18.191 Loaded shared library C:\Users\15483\.gradle\native\68d5fa5c4cc2d200863cafc0d521ce42e7d3e7ee720ec0a83991735586a16f82\windows-amd64\native-platform.dll
Event: 18.394 Loaded shared library C:\Users\15483\.gradle\native\e376f236ea51e6404a007f0833ffe2c6e607c4080706a723a18a27aeea778392\windows-amd64\native-platform-file-events.dll
Event: 37.324 Loaded shared library C:\Users\15483\.jdks\corretto-17.0.8.1\bin\management.dll
Event: 37.587 Loaded shared library C:\Users\15483\.jdks\corretto-17.0.8.1\bin\management_ext.dll
Event: 48.403 Loaded shared library C:\Users\15483\.jdks\corretto-17.0.8.1\bin\sunmscapi.dll

Deoptimization events (20 events):
Event: 745.734 Thread 0x0000021d493f43a0 DEOPT PACKING pc=0x0000021d2393a2dc sp=0x000000c3d2bf3120
Event: 745.734 Thread 0x0000021d493f43a0 DEOPT UNPACKING pc=0x0000021d22f8a1a3 sp=0x000000c3d2bf30f8 mode 2
Event: 746.092 Thread 0x0000021d493f43a0 Uncommon trap: trap_request=0xffffffc6 fr.pc=0x0000021d238f3c14 relative=0x00000000000008d4
Event: 746.092 Thread 0x0000021d493f43a0 Uncommon trap: reason=bimorphic_or_optimized_type_check action=maybe_recompile pc=0x0000021d238f3c14 method=org.jetbrains.kotlin.protobuf.CodedOutputStream.refreshBuffer()V @ 28 c2
Event: 746.092 Thread 0x0000021d493f43a0 DEOPT PACKING pc=0x0000021d238f3c14 sp=0x000000c3d2bf5500
Event: 746.092 Thread 0x0000021d493f43a0 DEOPT UNPACKING pc=0x0000021d22f8a1a3 sp=0x000000c3d2bf54f0 mode 2
Event: 746.375 Thread 0x0000021d493f43a0 Uncommon trap: trap_request=0xffffff45 fr.pc=0x0000021d237b02cc relative=0x00000000000006ec
Event: 746.375 Thread 0x0000021d493f43a0 Uncommon trap: reason=unstable_if action=reinterpret pc=0x0000021d237b02cc method=java.lang.ref.SoftReference.get()Ljava/lang/Object; @ 6 c2
Event: 746.375 Thread 0x0000021d493f43a0 DEOPT PACKING pc=0x0000021d237b02cc sp=0x000000c3d2bf81e0
Event: 746.375 Thread 0x0000021d493f43a0 DEOPT UNPACKING pc=0x0000021d22f8a1a3 sp=0x000000c3d2bf80c0 mode 2
Event: 746.376 Thread 0x0000021d493f43a0 Uncommon trap: trap_request=0xffffff45 fr.pc=0x0000021d237af720 relative=0x00000000000005e0
Event: 746.376 Thread 0x0000021d493f43a0 Uncommon trap: reason=unstable_if action=reinterpret pc=0x0000021d237af720 method=java.lang.ref.SoftReference.get()Ljava/lang/Object; @ 6 c2
Event: 746.376 Thread 0x0000021d493f43a0 DEOPT PACKING pc=0x0000021d237af720 sp=0x000000c3d2bf7480
Event: 746.376 Thread 0x0000021d493f43a0 DEOPT UNPACKING pc=0x0000021d22f8a1a3 sp=0x000000c3d2bf7360 mode 2
Event: 746.682 Thread 0x0000021d493f43a0 DEOPT PACKING pc=0x0000021d1c6550f6 sp=0x000000c3d2bf7e30
Event: 746.682 Thread 0x0000021d493f43a0 DEOPT UNPACKING pc=0x0000021d22f8ace3 sp=0x000000c3d2bf7370 mode 0
Event: 881.982 Thread 0x0000021d493f43a0 Uncommon trap: trap_request=0xffffffc6 fr.pc=0x0000021d236aec40 relative=0x00000000000006e0
Event: 881.982 Thread 0x0000021d493f43a0 Uncommon trap: reason=bimorphic_or_optimized_type_check action=maybe_recompile pc=0x0000021d236aec40 method=gnu.trove.TObjectHash.index(Ljava/lang/Object;)I @ 126 c2
Event: 881.982 Thread 0x0000021d493f43a0 DEOPT PACKING pc=0x0000021d236aec40 sp=0x000000c3d2bf4990
Event: 881.982 Thread 0x0000021d493f43a0 DEOPT UNPACKING pc=0x0000021d22f8a1a3 sp=0x000000c3d2bf48b0 mode 2

Classes unloaded (20 events):
Event: 693.337 Thread 0x0000021d2ea3ff80 Unloading class 0x0000021d301cd800 'java/lang/invoke/LambdaForm$MH+0x0000021d301cd800'
Event: 693.337 Thread 0x0000021d2ea3ff80 Unloading class 0x0000021d301cd400 'java/lang/invoke/LambdaForm$MH+0x0000021d301cd400'
Event: 693.337 Thread 0x0000021d2ea3ff80 Unloading class 0x0000021d301cc400 'java/lang/invoke/LambdaForm$MH+0x0000021d301cc400'
Event: 693.337 Thread 0x0000021d2ea3ff80 Unloading class 0x0000021d301cc000 'java/lang/invoke/LambdaForm$BMH+0x0000021d301cc000'
Event: 693.337 Thread 0x0000021d2ea3ff80 Unloading class 0x0000021d30100400 'java/lang/invoke/LambdaForm$DMH+0x0000021d30100400'
Event: 693.337 Thread 0x0000021d2ea3ff80 Unloading class 0x0000021d300f1c00 'java/lang/invoke/LambdaForm$DMH+0x0000021d300f1c00'
Event: 693.337 Thread 0x0000021d2ea3ff80 Unloading class 0x0000021d300f1800 'java/lang/invoke/LambdaForm$MH+0x0000021d300f1800'
Event: 693.338 Thread 0x0000021d2ea3ff80 Unloading class 0x0000021d300f1400 'java/lang/invoke/LambdaForm$MH+0x0000021d300f1400'
Event: 693.338 Thread 0x0000021d2ea3ff80 Unloading class 0x0000021d300f1000 'java/lang/invoke/LambdaForm$MH+0x0000021d300f1000'
Event: 693.338 Thread 0x0000021d2ea3ff80 Unloading class 0x0000021d300f0c00 'java/lang/invoke/LambdaForm$MH+0x0000021d300f0c00'
Event: 693.338 Thread 0x0000021d2ea3ff80 Unloading class 0x0000021d300f0800 'java/lang/invoke/LambdaForm$MH+0x0000021d300f0800'
Event: 693.338 Thread 0x0000021d2ea3ff80 Unloading class 0x0000021d300cb000 'java/lang/invoke/LambdaForm$MH+0x0000021d300cb000'
Event: 693.338 Thread 0x0000021d2ea3ff80 Unloading class 0x0000021d300ca800 'java/lang/invoke/LambdaForm$MH+0x0000021d300ca800'
Event: 693.338 Thread 0x0000021d2ea3ff80 Unloading class 0x0000021d300ca400 'java/lang/invoke/LambdaForm$MH+0x0000021d300ca400'
Event: 693.338 Thread 0x0000021d2ea3ff80 Unloading class 0x0000021d300ca000 'java/lang/invoke/LambdaForm$MH+0x0000021d300ca000'
Event: 693.338 Thread 0x0000021d2ea3ff80 Unloading class 0x0000021d300c9c00 'java/lang/invoke/LambdaForm$MH+0x0000021d300c9c00'
Event: 693.338 Thread 0x0000021d2ea3ff80 Unloading class 0x0000021d300c9400 'java/lang/invoke/LambdaForm$MH+0x0000021d300c9400'
Event: 693.338 Thread 0x0000021d2ea3ff80 Unloading class 0x0000021d3002ac00 'java/lang/invoke/LambdaForm$MH+0x0000021d3002ac00'
Event: 693.338 Thread 0x0000021d2ea3ff80 Unloading class 0x0000021d3002a800 'java/lang/invoke/LambdaForm$MH+0x0000021d3002a800'
Event: 693.339 Thread 0x0000021d2ea3ff80 Unloading class 0x0000021d30028400 'java/lang/invoke/LambdaForm$MH+0x0000021d30028400'

Classes redefined (0 events):
No events

Internal exceptions (20 events):
Event: 579.244 Thread 0x0000021d493f43a0 Exception <a 'java/lang/NoClassDefFoundError'{0x00000000ed761ca8}: org/graalvm/buildtools/gradle/NativeImagePlugin> (0x00000000ed761ca8) 
thrown [s\src\hotspot\share\oops\constantPool.cpp, line 835]
Event: 618.563 Thread 0x0000021d493f43a0 Exception <a 'java/lang/NoSuchMethodError'{0x00000000ea8f0138}: 'int java.lang.invoke.DirectMethodHandle$Holder.invokeSpecial(java.lang.Object, java.lang.Object, int, int)'> (0x00000000ea8f0138) 
thrown [s\src\hotspot\share\interpreter\linkResolver.cpp, line 759]
Event: 656.538 Thread 0x0000021d493f43a0 Exception <a 'java/lang/NoSuchMethodError'{0x00000000ef429628}: 'java.lang.Object java.lang.invoke.DirectMethodHandle$Holder.invokeStatic(java.lang.Object, java.lang.Object, java.lang.Object, java.lang.Object, int)'> (0x00000000ef429628) 
thrown [s\src\hotspot\share\interpreter\linkResolver.cpp, line 759]
Event: 684.598 Thread 0x0000021d493f43a0 Implicit null exception at 0x0000021d239b9efd to 0x0000021d239ba634
Event: 684.599 Thread 0x0000021d493f43a0 Implicit null exception at 0x0000021d2394ca0f to 0x0000021d2394ca40
Event: 693.637 Thread 0x0000021d2ea45d50 Implicit null exception at 0x0000021d2357ab03 to 0x0000021d2357acc8
Event: 693.644 Thread 0x0000021d2ea45d50 Implicit null exception at 0x0000021d2354a169 to 0x0000021d2354cc34
Event: 700.621 Thread 0x0000021d493f43a0 Exception <a 'java/lang/NoSuchMethodError'{0x00000000ee361098}: 'java.lang.Object java.lang.invoke.DirectMethodHandle$Holder.newInvokeSpecial(java.lang.Object, java.lang.Object, java.lang.Object, int, int, java.lang.Object, java.lang.Object)'> (0x00000000ee361098) 
thrown [s\src\hotspot\share\interpreter\linkResolver.cpp, line 759]
Event: 731.231 Thread 0x0000021d493f3470 Exception <a 'sun/nio/fs/WindowsException'{0x00000000ee461bf0}> (0x00000000ee461bf0) 
thrown [s\src\hotspot\share\prims\jni.cpp, line 516]
Event: 731.261 Thread 0x0000021d493f3470 Exception <a 'sun/nio/fs/WindowsException'{0x00000000ee493d10}> (0x00000000ee493d10) 
thrown [s\src\hotspot\share\prims\jni.cpp, line 516]
Event: 731.264 Thread 0x0000021d493f3470 Exception <a 'sun/nio/fs/WindowsException'{0x00000000ee493e88}> (0x00000000ee493e88) 
thrown [s\src\hotspot\share\prims\jni.cpp, line 516]
Event: 731.544 Thread 0x0000021d493f43a0 Exception <a 'java/lang/NoClassDefFoundError'{0x00000000ee357978}: org/jetbrains/kotlin/gradle/plugin/KotlinPluginWrapper> (0x00000000ee357978) 
thrown [s\src\hotspot\share\oops\constantPool.cpp, line 835]
Event: 731.544 Thread 0x0000021d493f43a0 Exception <a 'java/lang/NoClassDefFoundError'{0x00000000ee359fc0}: org/graalvm/buildtools/gradle/NativeImagePlugin> (0x00000000ee359fc0) 
thrown [s\src\hotspot\share\oops\constantPool.cpp, line 835]
Event: 733.201 Thread 0x0000021d493f43a0 Implicit null exception at 0x0000021d236915d2 to 0x0000021d236917d0
Event: 739.065 Thread 0x0000021d493f43a0 Exception <a 'java/lang/IncompatibleClassChangeError'{0x00000000ef035fc8}: Found class java.lang.Object, but interface was expected> (0x00000000ef035fc8) 
thrown [s\src\hotspot\share\interpreter\linkResolver.cpp, line 826]
Event: 746.179 Thread 0x0000021d493ad940 Exception <a 'sun/nio/fs/WindowsException'{0x00000000eb85d5d0}> (0x00000000eb85d5d0) 
thrown [s\src\hotspot\share\prims\jni.cpp, line 516]
Event: 746.335 Thread 0x0000021d493ad940 Exception <a 'sun/nio/fs/WindowsException'{0x00000000eb8c0378}> (0x00000000eb8c0378) 
thrown [s\src\hotspot\share\prims\jni.cpp, line 516]
Event: 746.338 Thread 0x0000021d493ad940 Exception <a 'sun/nio/fs/WindowsException'{0x00000000eb8c04f0}> (0x00000000eb8c04f0) 
thrown [s\src\hotspot\share\prims\jni.cpp, line 516]
Event: 746.375 Thread 0x0000021d493f43a0 Implicit null exception at 0x0000021d237afda6 to 0x0000021d237b02ac
Event: 746.376 Thread 0x0000021d493f43a0 Implicit null exception at 0x0000021d237af2fe to 0x0000021d237af708

VM Operations (20 events):
Event: 745.509 Executing VM operation: ICBufferFull
Event: 745.509 Executing VM operation: ICBufferFull done
Event: 745.734 Executing VM operation: ICBufferFull
Event: 745.734 Executing VM operation: ICBufferFull done
Event: 746.740 Executing VM operation: Cleanup
Event: 746.741 Executing VM operation: Cleanup done
Event: 748.766 Executing VM operation: Cleanup
Event: 748.766 Executing VM operation: Cleanup done
Event: 751.807 Executing VM operation: Cleanup
Event: 751.807 Executing VM operation: Cleanup done
Event: 768.984 Executing VM operation: Cleanup
Event: 768.984 Executing VM operation: Cleanup done
Event: 782.249 Executing VM operation: HandshakeAllThreads
Event: 782.249 Executing VM operation: HandshakeAllThreads done
Event: 801.441 Executing VM operation: Cleanup
Event: 801.441 Executing VM operation: Cleanup done
Event: 808.526 Executing VM operation: Cleanup
Event: 808.527 Executing VM operation: Cleanup done
Event: 826.733 Executing VM operation: Cleanup
Event: 826.734 Executing VM operation: Cleanup done

Events (20 events):
Event: 740.841 Thread 0x0000021d2ea65710 flushing nmethod 0x0000021d1cc54110
Event: 740.841 Thread 0x0000021d2ea65710 flushing nmethod 0x0000021d1cc59590
Event: 740.841 Thread 0x0000021d2ea65710 flushing nmethod 0x0000021d1cc5c010
Event: 740.841 Thread 0x0000021d2ea65710 flushing nmethod 0x0000021d1cc76810
Event: 740.841 Thread 0x0000021d2ea65710 flushing nmethod 0x0000021d1cc77490
Event: 740.841 Thread 0x0000021d2ea65710 flushing nmethod 0x0000021d1cc96d10
Event: 740.842 Thread 0x0000021d2ea65710 flushing nmethod 0x0000021d1cd11b10
Event: 740.842 Thread 0x0000021d2ea65710 flushing nmethod 0x0000021d1cd39a90
Event: 740.842 Thread 0x0000021d2ea65710 flushing nmethod 0x0000021d1cd74090
Event: 740.842 Thread 0x0000021d2ea65710 flushing nmethod 0x0000021d1cd90690
Event: 740.843 Thread 0x0000021d2ea65710 flushing nmethod 0x0000021d1cda7390
Event: 740.843 Thread 0x0000021d2ea65710 flushing nmethod 0x0000021d1cda7890
Event: 740.843 Thread 0x0000021d2ea65710 flushing nmethod 0x0000021d1cda8210
Event: 740.843 Thread 0x0000021d2ea65710 flushing nmethod 0x0000021d1ce12b90
Event: 740.843 Thread 0x0000021d2ea65710 flushing nmethod 0x0000021d1ce22510
Event: 740.843 Thread 0x0000021d2ea65710 flushing nmethod 0x0000021d1ce22910
Event: 740.844 Thread 0x0000021d2ea65710 flushing nmethod 0x0000021d1cee4f90
Event: 740.844 Thread 0x0000021d2ea65710 flushing nmethod 0x0000021d1cf0d710
Event: 740.844 Thread 0x0000021d2ea65710 flushing nmethod 0x0000021d1cf5e390
Event: 740.845 Thread 0x0000021d2ea65710 flushing nmethod 0x0000021d1d008d10


Dynamic libraries:
0x00007ff7381f0000 - 0x00007ff7381fd000 	C:\Users\15483\.jdks\corretto-17.0.8.1\bin\java.exe
0x00007ffbd5c90000 - 0x00007ffbd5ea7000 	C:\WINDOWS\SYSTEM32\ntdll.dll
0x00007ffbd5620000 - 0x00007ffbd56e4000 	C:\WINDOWS\System32\KERNEL32.DLL
0x00007ffbd3370000 - 0x00007ffbd3715000 	C:\WINDOWS\System32\KERNELBASE.dll
0x00007ffbd31e0000 - 0x00007ffbd32f1000 	C:\WINDOWS\System32\ucrtbase.dll
0x00007ffbc0f80000 - 0x00007ffbc0f97000 	C:\Users\15483\.jdks\corretto-17.0.8.1\bin\jli.dll
0x00007ffbd5470000 - 0x00007ffbd561e000 	C:\WINDOWS\System32\USER32.dll
0x00007ffbd3720000 - 0x00007ffbd3746000 	C:\WINDOWS\System32\win32u.dll
0x00007ffbd3f10000 - 0x00007ffbd3f39000 	C:\WINDOWS\System32\GDI32.dll
0x00007ffbd3750000 - 0x00007ffbd3869000 	C:\WINDOWS\System32\gdi32full.dll
0x00007ffbd3140000 - 0x00007ffbd31da000 	C:\WINDOWS\System32\msvcp_win.dll
0x00007ffbbe6b0000 - 0x00007ffbbe943000 	C:\WINDOWS\WinSxS\amd64_microsoft.windows.common-controls_6595b64144ccf1df_6.0.22621.2506_none_270c5ae97388e100\COMCTL32.dll
0x00007ffbd5020000 - 0x00007ffbd50c7000 	C:\WINDOWS\System32\msvcrt.dll
0x00007ffbbd520000 - 0x00007ffbbd535000 	C:\Users\15483\.jdks\corretto-17.0.8.1\bin\VCRUNTIME140.dll
0x00007ffbd3ed0000 - 0x00007ffbd3f01000 	C:\WINDOWS\System32\IMM32.DLL
0x00007ffbb4f40000 - 0x00007ffbb4fdb000 	C:\Users\15483\.jdks\corretto-17.0.8.1\bin\msvcp140.dll
0x00007ffb58460000 - 0x00007ffb5907d000 	C:\Users\15483\.jdks\corretto-17.0.8.1\bin\server\jvm.dll
0x00007ffbd4e40000 - 0x00007ffbd4ef1000 	C:\WINDOWS\System32\ADVAPI32.dll
0x00007ffbd40f0000 - 0x00007ffbd4196000 	C:\WINDOWS\System32\sechost.dll
0x00007ffbd4f00000 - 0x00007ffbd5017000 	C:\WINDOWS\System32\RPCRT4.dll
0x00007ffbd2ed0000 - 0x00007ffbd2f1d000 	C:\WINDOWS\SYSTEM32\POWRPROF.dll
0x00007ffbb2090000 - 0x00007ffbb2099000 	C:\WINDOWS\SYSTEM32\WSOCK32.dll
0x00007ffbd50d0000 - 0x00007ffbd5141000 	C:\WINDOWS\System32\WS2_32.dll
0x00007ffbc9300000 - 0x00007ffbc9334000 	C:\WINDOWS\SYSTEM32\WINMM.dll
0x00007ffbc8530000 - 0x00007ffbc853a000 	C:\WINDOWS\SYSTEM32\VERSION.dll
0x00007ffbd2eb0000 - 0x00007ffbd2ec3000 	C:\WINDOWS\SYSTEM32\UMPDC.dll
0x00007ffbd1f60000 - 0x00007ffbd1f78000 	C:\WINDOWS\SYSTEM32\kernel.appcore.dll
0x00007ffbbaac0000 - 0x00007ffbbaaca000 	C:\Users\15483\.jdks\corretto-17.0.8.1\bin\jimage.dll
0x00007ffbd07d0000 - 0x00007ffbd0a03000 	C:\WINDOWS\SYSTEM32\DBGHELP.DLL
0x00007ffbd56f0000 - 0x00007ffbd5a79000 	C:\WINDOWS\System32\combase.dll
0x00007ffbd3ff0000 - 0x00007ffbd40c7000 	C:\WINDOWS\System32\OLEAUT32.dll
0x00007ffbb25c0000 - 0x00007ffbb25f2000 	C:\WINDOWS\SYSTEM32\dbgcore.DLL
0x00007ffbd3000000 - 0x00007ffbd307a000 	C:\WINDOWS\System32\bcryptPrimitives.dll
0x00007ffbb7490000 - 0x00007ffbb749e000 	C:\Users\15483\.jdks\corretto-17.0.8.1\bin\instrument.dll
0x00007ffbb66a0000 - 0x00007ffbb66c5000 	C:\Users\15483\.jdks\corretto-17.0.8.1\bin\java.dll
0x00007ffbaf6f0000 - 0x00007ffbaf7c6000 	C:\Users\15483\.jdks\corretto-17.0.8.1\bin\jsvml.dll
0x00007ffbd4370000 - 0x00007ffbd4bc9000 	C:\WINDOWS\System32\SHELL32.dll
0x00007ffbd0ed0000 - 0x00007ffbd17c4000 	C:\WINDOWS\SYSTEM32\windows.storage.dll
0x00007ffbd0d90000 - 0x00007ffbd0ece000 	C:\WINDOWS\SYSTEM32\wintypes.dll
0x00007ffbd5370000 - 0x00007ffbd5463000 	C:\WINDOWS\System32\SHCORE.dll
0x00007ffbd5150000 - 0x00007ffbd51ae000 	C:\WINDOWS\System32\shlwapi.dll
0x00007ffbd2f30000 - 0x00007ffbd2f56000 	C:\WINDOWS\SYSTEM32\profapi.dll
0x00007ffbb68f0000 - 0x00007ffbb6908000 	C:\Users\15483\.jdks\corretto-17.0.8.1\bin\zip.dll
0x00007ffbb6830000 - 0x00007ffbb6849000 	C:\Users\15483\.jdks\corretto-17.0.8.1\bin\net.dll
0x00007ffbca640000 - 0x00007ffbca777000 	C:\WINDOWS\SYSTEM32\WINHTTP.dll
0x00007ffbd2440000 - 0x00007ffbd24a9000 	C:\WINDOWS\system32\mswsock.dll
0x00007ffbb6680000 - 0x00007ffbb6695000 	C:\Users\15483\.jdks\corretto-17.0.8.1\bin\nio.dll
0x00007ffbb65f0000 - 0x00007ffbb6600000 	C:\Users\15483\.jdks\corretto-17.0.8.1\bin\verify.dll
0x00007ffbbce70000 - 0x00007ffbbce97000 	C:\Users\15483\.gradle\native\68d5fa5c4cc2d200863cafc0d521ce42e7d3e7ee720ec0a83991735586a16f82\windows-amd64\native-platform.dll
0x00007ffbad0e0000 - 0x00007ffbad224000 	C:\Users\15483\.gradle\native\e376f236ea51e6404a007f0833ffe2c6e607c4080706a723a18a27aeea778392\windows-amd64\native-platform-file-events.dll
0x00007ffbb65e0000 - 0x00007ffbb65e9000 	C:\Users\15483\.jdks\corretto-17.0.8.1\bin\management.dll
0x00007ffbbaad0000 - 0x00007ffbbaadb000 	C:\Users\15483\.jdks\corretto-17.0.8.1\bin\management_ext.dll
0x00007ffbd4d80000 - 0x00007ffbd4d88000 	C:\WINDOWS\System32\PSAPI.DLL
0x00007ffbd2660000 - 0x00007ffbd267b000 	C:\WINDOWS\SYSTEM32\CRYPTSP.dll
0x00007ffbd1f20000 - 0x00007ffbd1f55000 	C:\WINDOWS\system32\rsaenh.dll
0x00007ffbd2500000 - 0x00007ffbd252c000 	C:\WINDOWS\SYSTEM32\USERENV.dll
0x00007ffbd28a0000 - 0x00007ffbd28c8000 	C:\WINDOWS\SYSTEM32\bcrypt.dll
0x00007ffbd2680000 - 0x00007ffbd268c000 	C:\WINDOWS\SYSTEM32\CRYPTBASE.dll
0x00007ffbd1a30000 - 0x00007ffbd1a5d000 	C:\WINDOWS\SYSTEM32\IPHLPAPI.DLL
0x00007ffbd4d70000 - 0x00007ffbd4d79000 	C:\WINDOWS\System32\NSI.dll
0x00007ffbca1b0000 - 0x00007ffbca1c9000 	C:\WINDOWS\SYSTEM32\dhcpcsvc6.DLL
0x00007ffbca0d0000 - 0x00007ffbca0ef000 	C:\WINDOWS\SYSTEM32\dhcpcsvc.DLL
0x00007ffbd1aa0000 - 0x00007ffbd1b99000 	C:\WINDOWS\SYSTEM32\DNSAPI.dll
0x00007ffbb6560000 - 0x00007ffbb656e000 	C:\Users\15483\.jdks\corretto-17.0.8.1\bin\sunmscapi.dll
0x00007ffbd3870000 - 0x00007ffbd39d6000 	C:\WINDOWS\System32\CRYPT32.dll
0x00007ffbd2870000 - 0x00007ffbd289d000 	C:\WINDOWS\SYSTEM32\ncrypt.dll
0x00007ffbd2830000 - 0x00007ffbd2867000 	C:\WINDOWS\SYSTEM32\NTASN1.dll
0x00007ffb8a070000 - 0x00007ffb8a078000 	C:\WINDOWS\system32\wshunix.dll
0x00007ffbc3720000 - 0x00007ffbc372a000 	C:\Windows\System32\rasadhlp.dll
0x00007ffbc44b0000 - 0x00007ffbc4533000 	C:\WINDOWS\System32\fwpuclnt.dll

dbghelp: loaded successfully - version: 4.0.5 - missing functions: none
symbol engine: initialized successfully - sym options: 0x614 - pdb path: .;C:\Users\15483\.jdks\corretto-17.0.8.1\bin;C:\WINDOWS\SYSTEM32;C:\WINDOWS\WinSxS\amd64_microsoft.windows.common-controls_6595b64144ccf1df_6.0.22621.2506_none_270c5ae97388e100;C:\Users\15483\.jdks\corretto-17.0.8.1\bin\server;C:\Users\15483\.gradle\native\68d5fa5c4cc2d200863cafc0d521ce42e7d3e7ee720ec0a83991735586a16f82\windows-amd64;C:\Users\15483\.gradle\native\e376f236ea51e6404a007f0833ffe2c6e607c4080706a723a18a27aeea778392\windows-amd64

VM Arguments:
jvm_args: --add-opens=java.base/java.util=ALL-UNNAMED --add-opens=java.base/java.lang=ALL-UNNAMED --add-opens=java.base/java.lang.invoke=ALL-UNNAMED --add-opens=java.prefs/java.util.prefs=ALL-UNNAMED --add-opens=java.base/java.nio.charset=ALL-UNNAMED --add-opens=java.base/java.net=ALL-UNNAMED --add-opens=java.base/java.util.concurrent.atomic=ALL-UNNAMED -XX:MaxMetaspaceSize=384m -XX:+HeapDumpOnOutOfMemoryError -Xms256m -Xmx512m -Dfile.encoding=windows-1252 -Duser.country=CA -Duser.language=en -Duser.variant -javaagent:C:\Users\15483\.gradle\wrapper\dists\gradle-8.2.1-bin\5hap6b9n41hkg4jeh2au2pllh\gradle-8.2.1\lib\agents\gradle-instrumentation-agent-8.2.1.jar 
java_command: org.gradle.launcher.daemon.bootstrap.GradleDaemon 8.2.1
java_class_path (initial): C:\Users\15483\.gradle\wrapper\dists\gradle-8.2.1-bin\5hap6b9n41hkg4jeh2au2pllh\gradle-8.2.1\lib\gradle-launcher-8.2.1.jar
Launcher Type: SUN_STANDARD

[Global flags]
     intx CICompilerCount                          = 4                                         {product} {ergonomic}
   size_t CompressedClassSpaceSize                 = 335544320                                 {product} {ergonomic}
     uint ConcGCThreads                            = 2                                         {product} {ergonomic}
     uint G1ConcRefinementThreads                  = 8                                         {product} {ergonomic}
   size_t G1HeapRegionSize                         = 1048576                                   {product} {ergonomic}
    uintx GCDrainStackTargetSize                   = 64                                        {product} {ergonomic}
     bool HeapDumpOnOutOfMemoryError               = true                                   {manageable} {command line}
   size_t InitialHeapSize                          = 268435456                                 {product} {command line}
   size_t MarkStackSize                            = 4194304                                   {product} {ergonomic}
   size_t MaxHeapSize                              = 536870912                                 {product} {command line}
   size_t MaxMetaspaceSize                         = 402653184                                 {product} {command line}
   size_t MaxNewSize                               = 321912832                                 {product} {ergonomic}
   size_t MinHeapDeltaBytes                        = 1048576                                   {product} {ergonomic}
   size_t MinHeapSize                              = 268435456                                 {product} {command line}
    uintx NonNMethodCodeHeapSize                   = 5839372                                {pd product} {ergonomic}
    uintx NonProfiledCodeHeapSize                  = 122909434                              {pd product} {ergonomic}
    uintx ProfiledCodeHeapSize                     = 122909434                              {pd product} {ergonomic}
    uintx ReservedCodeCacheSize                    = 251658240                              {pd product} {ergonomic}
     bool SegmentedCodeCache                       = true                                      {product} {ergonomic}
   size_t SoftMaxHeapSize                          = 536870912                              {manageable} {ergonomic}
     bool UseCompressedClassPointers               = true                           {product lp64_product} {ergonomic}
     bool UseCompressedOops                        = true                           {product lp64_product} {ergonomic}
     bool UseG1GC                                  = true                                      {product} {ergonomic}
     bool UseLargePagesIndividualAllocation        = false                                  {pd product} {ergonomic}

Logging:
Log output configuration:
 #0: stdout all=warning uptime,level,tags
 #1: stderr all=off uptime,level,tags

Environment Variables:
PATH=C:\Program Files\Common Files\Oracle\Java\javapath;C:\Python312\Scripts\;C:\Python312\;C:\Python311\Scripts\;C:\Python311\;C:\Program Files\Microsoft\jdk-11.0.12.7-hotspot\bin;C:\WINDOWS\system32;C:\WINDOWS;C:\WINDOWS\System32\Wbem;C:\WINDOWS\System32\WindowsPowerShell\v1.0\;C:\WINDOWS\System32\OpenSSH\;C:\Program Files\Microsoft SQL Server\Client SDK\ODBC\170\Tools\Binn\;C:\Program Files\dotnet\;C:\WINDOWS\system32;C:\WINDOWS;C:\WINDOWS\System32\Wbem;C:\WINDOWS\System32\WindowsPowerShell\v1.0\;C:\WINDOWS\System32\OpenSSH\;C:\ProgramData\chocolatey\bin;C:\Program Files\Git\cmd;C:\Program Files\Docker\Docker\resources\bin;C:\Users\15483\Downloads\;C:\Users\15483\AppData\Local\Microsoft\WindowsApps;C:\Users\15483\AppData\Local\Programs\Microsoft VS Code\bin;C:\Users\15483\.dotnet\tools;C:\Program Files\JetBrains\IntelliJ IDEA Community Edition 2022.2.2\bin;;C:\Program Files\JetBrains\PhpStorm 2022.2.2\bin;;C:\Program Files\JetBrains\PyCharm 2022.3.1\bin;;C:\Users\15483\AppData\Roaming\npm;C:\Program Files (x86)\heroku\bin
USERNAME=15483
OS=Windows_NT
PROCESSOR_IDENTIFIER=Intel64 Family 6 Model 126 Stepping 5, GenuineIntel
TMP=C:\Users\15483\AppData\Local\Temp
TEMP=C:\Users\15483\AppData\Local\Temp



---------------  S Y S T E M  ---------------

OS:
 Windows 11 , 64 bit Build 22621 (10.0.22621.2506)
OS uptime: 5 days 23:38 hours
Hyper-V role detected

CPU: total 8 (initial active 8) (4 cores per cpu, 2 threads per core) family 6 model 126 stepping 5 microcode 0xbc, cx8, cmov, fxsr, ht, mmx, 3dnowpref, sse, sse2, sse3, ssse3, sse4.1, sse4.2, popcnt, lzcnt, tsc, tscinvbit, avx, avx2, aes, erms, clmul, bmi1, bmi2, adx, avx512f, avx512dq, avx512cd, avx512bw, avx512vl, sha, fma, vzeroupper, avx512_vpopcntdq, avx512_vpclmulqdq, avx512_vaes, avx512_vnni, clflush, clflushopt, avx512_vbmi2, avx512_vbmi, hv
Processor Information for all 8 processors :
  Max Mhz: 1190, Current Mhz: 991, Mhz Limit: 987

Memory: 4k page, system-wide physical 7955M (487M free)
TotalPageFile size 25223M (AvailPageFile size 24M)
current process WorkingSet (physical memory assigned to process): 413M, peak: 448M
current process commit charge ("private bytes"): 574M, peak: 589M

vm_info: OpenJDK 64-Bit Server VM (17.0.8.1+8-LTS) for windows-amd64 JRE (17.0.8.1+8-LTS), built on Aug 19 2023 03:47:39 by "Administrator" with MS VC++ 15.9 (VS2017)

END.
